2017-07-16 15:04:26,698  INFO main jdbc.connection - 1. Connection opened  org.apache.commons.dbcp.DriverConnectionFactory.createConnection(DriverConnectionFactory.java:38)
2017-07-16 15:04:26,735 DEBUG main jdbc.connection - open connections:  1 (1)
2017-07-16 15:04:26,753  INFO main jdbc.connection - 1. Connection closed  org.apache.commons.dbcp.PoolingConnection.close(PoolingConnection.java:93)
2017-07-16 15:04:26,753 DEBUG main jdbc.connection - open connections:  none
2017-07-16 15:04:26,755  INFO main jdbc.connection - 2. Connection opened  org.apache.commons.dbcp.DriverConnectionFactory.createConnection(DriverConnectionFactory.java:38)
2017-07-16 15:04:26,755 DEBUG main jdbc.connection - open connections:  2 (1)
2017-07-16 15:04:26,757  INFO main jdbc.connection - 3. Connection opened  org.apache.commons.dbcp.DriverConnectionFactory.createConnection(DriverConnectionFactory.java:38)
2017-07-16 15:04:26,757 DEBUG main jdbc.connection - open connections:  2 3 (2)
2017-07-16 15:04:26,758  INFO main jdbc.connection - 4. Connection opened  org.apache.commons.dbcp.DriverConnectionFactory.createConnection(DriverConnectionFactory.java:38)
2017-07-16 15:04:26,758 DEBUG main jdbc.connection - open connections:  2 3 4 (3)
2017-07-16 15:04:26,759  INFO main jdbc.connection - 5. Connection opened  org.apache.commons.dbcp.DriverConnectionFactory.createConnection(DriverConnectionFactory.java:38)
2017-07-16 15:04:26,759 DEBUG main jdbc.connection - open connections:  2 3 4 5 (4)
2017-07-16 15:04:26,759  INFO main jdbc.connection - 6. Connection opened  org.apache.commons.dbcp.DriverConnectionFactory.createConnection(DriverConnectionFactory.java:38)
2017-07-16 15:04:26,760 DEBUG main jdbc.connection - open connections:  2 3 4 5 6 (5)
2017-07-16 15:04:26,761  INFO main jdbc.connection - 7. Connection opened  org.apache.commons.dbcp.DriverConnectionFactory.createConnection(DriverConnectionFactory.java:38)
2017-07-16 15:04:26,761 DEBUG main jdbc.connection - open connections:  2 3 4 5 6 7 (6)
2017-07-16 15:04:26,764  INFO main jdbc.connection - 8. Connection opened  org.apache.commons.dbcp.DriverConnectionFactory.createConnection(DriverConnectionFactory.java:38)
2017-07-16 15:04:26,764 DEBUG main jdbc.connection - open connections:  2 3 4 5 6 7 8 (7)
2017-07-16 15:04:26,765  INFO main jdbc.connection - 9. Connection opened  org.apache.commons.dbcp.DriverConnectionFactory.createConnection(DriverConnectionFactory.java:38)
2017-07-16 15:04:26,765 DEBUG main jdbc.connection - open connections:  2 3 4 5 6 7 8 9 (8)
2017-07-16 15:04:26,766  INFO main jdbc.connection - 10. Connection opened  org.apache.commons.dbcp.DriverConnectionFactory.createConnection(DriverConnectionFactory.java:38)
2017-07-16 15:04:26,766 DEBUG main jdbc.connection - open connections:  2 3 4 5 6 7 8 9 10 (9)
2017-07-16 15:04:26,766  INFO main jdbc.connection - 11. Connection opened  org.apache.commons.dbcp.DriverConnectionFactory.createConnection(DriverConnectionFactory.java:38)
2017-07-16 15:04:26,767 DEBUG main jdbc.connection - open connections:  2 3 4 5 6 7 8 9 10 11 (10)
2017-07-16 15:04:26,767  INFO main jdbc.connection - 12. Connection opened  org.apache.commons.dbcp.DriverConnectionFactory.createConnection(DriverConnectionFactory.java:38)
2017-07-16 15:04:26,767 DEBUG main jdbc.connection - open connections:  2 3 4 5 6 7 8 9 10 11 12 (11)
2017-07-16 15:04:26,768  INFO main jdbc.connection - 12. Connection closed  org.apache.commons.dbcp.PoolingConnection.close(PoolingConnection.java:93)
2017-07-16 15:04:26,768 DEBUG main jdbc.connection - open connections:  2 3 4 5 6 7 8 9 10 11 (10)
2017-07-16 15:04:26,769  INFO main jdbc.connection - 13. Connection opened  org.apache.commons.dbcp.DriverConnectionFactory.createConnection(DriverConnectionFactory.java:38)
2017-07-16 15:04:26,769 DEBUG main jdbc.connection - open connections:  2 3 4 5 6 7 8 9 10 11 13 (11)
2017-07-16 15:04:26,769  INFO main jdbc.connection - 13. Connection closed  org.apache.commons.dbcp.PoolingConnection.close(PoolingConnection.java:93)
2017-07-16 15:04:26,770 DEBUG main jdbc.connection - open connections:  2 3 4 5 6 7 8 9 10 11 (10)
2017-07-16 15:04:26,771  INFO main jdbc.connection - 14. Connection opened  org.apache.commons.dbcp.DriverConnectionFactory.createConnection(DriverConnectionFactory.java:38)
2017-07-16 15:04:26,771 DEBUG main jdbc.connection - open connections:  2 3 4 5 6 7 8 9 10 11 14 (11)
2017-07-16 15:04:26,771  INFO main jdbc.connection - 14. Connection closed  org.apache.commons.dbcp.PoolingConnection.close(PoolingConnection.java:93)
2017-07-16 15:04:26,772 DEBUG main jdbc.connection - open connections:  2 3 4 5 6 7 8 9 10 11 (10)
2017-07-16 15:04:26,773  INFO main jdbc.connection - 15. Connection opened  org.apache.commons.dbcp.DriverConnectionFactory.createConnection(DriverConnectionFactory.java:38)
2017-07-16 15:04:26,774 DEBUG main jdbc.connection - open connections:  2 3 4 5 6 7 8 9 10 11 15 (11)
2017-07-16 15:04:26,774  INFO main jdbc.connection - 15. Connection closed  org.apache.commons.dbcp.PoolingConnection.close(PoolingConnection.java:93)
2017-07-16 15:04:26,774 DEBUG main jdbc.connection - open connections:  2 3 4 5 6 7 8 9 10 11 (10)
2017-07-16 15:04:26,775  INFO main jdbc.connection - 16. Connection opened  org.apache.commons.dbcp.DriverConnectionFactory.createConnection(DriverConnectionFactory.java:38)
2017-07-16 15:04:26,775 DEBUG main jdbc.connection - open connections:  2 3 4 5 6 7 8 9 10 11 16 (11)
2017-07-16 15:04:26,776  INFO main jdbc.connection - 16. Connection closed  org.apache.commons.dbcp.PoolingConnection.close(PoolingConnection.java:93)
2017-07-16 15:04:26,776 DEBUG main jdbc.connection - open connections:  2 3 4 5 6 7 8 9 10 11 (10)
2017-07-16 15:04:26,777  INFO main jdbc.connection - 17. Connection opened  org.apache.commons.dbcp.DriverConnectionFactory.createConnection(DriverConnectionFactory.java:38)
2017-07-16 15:04:26,777 DEBUG main jdbc.connection - open connections:  2 3 4 5 6 7 8 9 10 11 17 (11)
2017-07-16 15:04:26,777  INFO main jdbc.connection - 17. Connection closed  org.apache.commons.dbcp.PoolingConnection.close(PoolingConnection.java:93)
2017-07-16 15:04:26,777 DEBUG main jdbc.connection - open connections:  2 3 4 5 6 7 8 9 10 11 (10)
2017-07-16 15:04:26,778  INFO main jdbc.connection - 18. Connection opened  org.apache.commons.dbcp.DriverConnectionFactory.createConnection(DriverConnectionFactory.java:38)
2017-07-16 15:04:26,778 DEBUG main jdbc.connection - open connections:  2 3 4 5 6 7 8 9 10 11 18 (11)
2017-07-16 15:04:26,778  INFO main jdbc.connection - 18. Connection closed  org.apache.commons.dbcp.PoolingConnection.close(PoolingConnection.java:93)
2017-07-16 15:04:26,779 DEBUG main jdbc.connection - open connections:  2 3 4 5 6 7 8 9 10 11 (10)
2017-07-16 15:04:26,779  INFO main jdbc.connection - 19. Connection opened  org.apache.commons.dbcp.DriverConnectionFactory.createConnection(DriverConnectionFactory.java:38)
2017-07-16 15:04:26,779 DEBUG main jdbc.connection - open connections:  2 3 4 5 6 7 8 9 10 11 19 (11)
2017-07-16 15:04:26,780  INFO main jdbc.connection - 19. Connection closed  org.apache.commons.dbcp.PoolingConnection.close(PoolingConnection.java:93)
2017-07-16 15:04:26,780 DEBUG main jdbc.connection - open connections:  2 3 4 5 6 7 8 9 10 11 (10)
2017-07-16 15:04:26,781  INFO main jdbc.connection - 20. Connection opened  org.apache.commons.dbcp.DriverConnectionFactory.createConnection(DriverConnectionFactory.java:38)
2017-07-16 15:04:26,781 DEBUG main jdbc.connection - open connections:  2 3 4 5 6 7 8 9 10 11 20 (11)
2017-07-16 15:04:26,781  INFO main jdbc.connection - 20. Connection closed  org.apache.commons.dbcp.PoolingConnection.close(PoolingConnection.java:93)
2017-07-16 15:04:26,781 DEBUG main jdbc.connection - open connections:  2 3 4 5 6 7 8 9 10 11 (10)
2017-07-16 15:04:26,782  INFO main jdbc.connection - 21. Connection opened  org.apache.commons.dbcp.DriverConnectionFactory.createConnection(DriverConnectionFactory.java:38)
2017-07-16 15:04:26,782 DEBUG main jdbc.connection - open connections:  2 3 4 5 6 7 8 9 10 11 21 (11)
2017-07-16 15:04:26,783  INFO main jdbc.connection - 21. Connection closed  org.apache.commons.dbcp.PoolingConnection.close(PoolingConnection.java:93)
2017-07-16 15:04:26,783 DEBUG main jdbc.connection - open connections:  2 3 4 5 6 7 8 9 10 11 (10)
2017-07-16 15:04:54,366  INFO Thread-0 jdbc.connection - 11. Connection closed  org.apache.commons.dbcp.PoolingConnection.close(PoolingConnection.java:93)
2017-07-16 15:04:54,366 DEBUG Thread-0 jdbc.connection - open connections:  2 3 4 5 6 7 8 9 10 (9)
2017-07-16 15:04:54,367  INFO Thread-0 jdbc.connection - 10. Connection closed  org.apache.commons.dbcp.PoolingConnection.close(PoolingConnection.java:93)
2017-07-16 15:04:54,367 DEBUG Thread-0 jdbc.connection - open connections:  2 3 4 5 6 7 8 9 (8)
2017-07-16 15:04:54,367  INFO Thread-0 jdbc.connection - 9. Connection closed  org.apache.commons.dbcp.PoolingConnection.close(PoolingConnection.java:93)
2017-07-16 15:04:54,367 DEBUG Thread-0 jdbc.connection - open connections:  2 3 4 5 6 7 8 (7)
2017-07-16 15:04:54,368  INFO Thread-0 jdbc.connection - 8. Connection closed  org.apache.commons.dbcp.PoolingConnection.close(PoolingConnection.java:93)
2017-07-16 15:04:54,368 DEBUG Thread-0 jdbc.connection - open connections:  2 3 4 5 6 7 (6)
2017-07-16 15:04:54,368  INFO Thread-0 jdbc.connection - 7. Connection closed  org.apache.commons.dbcp.PoolingConnection.close(PoolingConnection.java:93)
2017-07-16 15:04:54,368 DEBUG Thread-0 jdbc.connection - open connections:  2 3 4 5 6 (5)
2017-07-16 15:04:54,369  INFO Thread-0 jdbc.connection - 6. Connection closed  org.apache.commons.dbcp.PoolingConnection.close(PoolingConnection.java:93)
2017-07-16 15:04:54,369 DEBUG Thread-0 jdbc.connection - open connections:  2 3 4 5 (4)
2017-07-16 15:04:54,369  INFO Thread-0 jdbc.connection - 5. Connection closed  org.apache.commons.dbcp.PoolingConnection.close(PoolingConnection.java:93)
2017-07-16 15:04:54,370 DEBUG Thread-0 jdbc.connection - open connections:  2 3 4 (3)
2017-07-16 15:04:54,370  INFO Thread-0 jdbc.connection - 4. Connection closed  org.apache.commons.dbcp.PoolingConnection.close(PoolingConnection.java:93)
2017-07-16 15:04:54,370 DEBUG Thread-0 jdbc.connection - open connections:  2 3 (2)
2017-07-16 15:04:54,370  INFO Thread-0 jdbc.connection - 3. Connection closed  org.apache.commons.dbcp.PoolingConnection.close(PoolingConnection.java:93)
2017-07-16 15:04:54,371 DEBUG Thread-0 jdbc.connection - open connections:  2 (1)
2017-07-16 15:04:54,371  INFO Thread-0 jdbc.connection - 2. Connection closed  org.apache.commons.dbcp.PoolingConnection.close(PoolingConnection.java:93)
2017-07-16 15:04:54,371 DEBUG Thread-0 jdbc.connection - open connections:  none
2017-07-16 15:05:35,043  INFO main jdbc.connection - 1. Connection opened  org.apache.commons.dbcp.DriverConnectionFactory.createConnection(DriverConnectionFactory.java:38)
2017-07-16 15:05:35,047 DEBUG main jdbc.connection - open connections:  1 (1)
2017-07-16 15:05:35,070  INFO main jdbc.connection - 1. Connection closed  org.apache.commons.dbcp.PoolingConnection.close(PoolingConnection.java:93)
2017-07-16 15:05:35,071 DEBUG main jdbc.connection - open connections:  none
2017-07-16 15:05:35,072  INFO main jdbc.connection - 2. Connection opened  org.apache.commons.dbcp.DriverConnectionFactory.createConnection(DriverConnectionFactory.java:38)
2017-07-16 15:05:35,073 DEBUG main jdbc.connection - open connections:  2 (1)
2017-07-16 15:05:35,074  INFO main jdbc.connection - 3. Connection opened  org.apache.commons.dbcp.DriverConnectionFactory.createConnection(DriverConnectionFactory.java:38)
2017-07-16 15:05:35,074 DEBUG main jdbc.connection - open connections:  2 3 (2)
2017-07-16 15:05:35,075  INFO main jdbc.connection - 4. Connection opened  org.apache.commons.dbcp.DriverConnectionFactory.createConnection(DriverConnectionFactory.java:38)
2017-07-16 15:05:35,075 DEBUG main jdbc.connection - open connections:  2 3 4 (3)
2017-07-16 15:05:35,076  INFO main jdbc.connection - 5. Connection opened  org.apache.commons.dbcp.DriverConnectionFactory.createConnection(DriverConnectionFactory.java:38)
2017-07-16 15:05:35,076 DEBUG main jdbc.connection - open connections:  2 3 4 5 (4)
2017-07-16 15:05:35,077  INFO main jdbc.connection - 6. Connection opened  org.apache.commons.dbcp.DriverConnectionFactory.createConnection(DriverConnectionFactory.java:38)
2017-07-16 15:05:35,078 DEBUG main jdbc.connection - open connections:  2 3 4 5 6 (5)
2017-07-16 15:05:35,079  INFO main jdbc.connection - 7. Connection opened  org.apache.commons.dbcp.DriverConnectionFactory.createConnection(DriverConnectionFactory.java:38)
2017-07-16 15:05:35,079 DEBUG main jdbc.connection - open connections:  2 3 4 5 6 7 (6)
2017-07-16 15:05:35,083  INFO main jdbc.connection - 8. Connection opened  org.apache.commons.dbcp.DriverConnectionFactory.createConnection(DriverConnectionFactory.java:38)
2017-07-16 15:05:35,083 DEBUG main jdbc.connection - open connections:  2 3 4 5 6 7 8 (7)
2017-07-16 15:05:35,084  INFO main jdbc.connection - 9. Connection opened  org.apache.commons.dbcp.DriverConnectionFactory.createConnection(DriverConnectionFactory.java:38)
2017-07-16 15:05:35,084 DEBUG main jdbc.connection - open connections:  2 3 4 5 6 7 8 9 (8)
2017-07-16 15:05:35,085  INFO main jdbc.connection - 10. Connection opened  org.apache.commons.dbcp.DriverConnectionFactory.createConnection(DriverConnectionFactory.java:38)
2017-07-16 15:05:35,085 DEBUG main jdbc.connection - open connections:  2 3 4 5 6 7 8 9 10 (9)
2017-07-16 15:05:35,086  INFO main jdbc.connection - 11. Connection opened  org.apache.commons.dbcp.DriverConnectionFactory.createConnection(DriverConnectionFactory.java:38)
2017-07-16 15:05:35,087 DEBUG main jdbc.connection - open connections:  2 3 4 5 6 7 8 9 10 11 (10)
2017-07-16 15:05:35,087  INFO main jdbc.connection - 12. Connection opened  org.apache.commons.dbcp.DriverConnectionFactory.createConnection(DriverConnectionFactory.java:38)
2017-07-16 15:05:35,088 DEBUG main jdbc.connection - open connections:  2 3 4 5 6 7 8 9 10 11 12 (11)
2017-07-16 15:05:35,088  INFO main jdbc.connection - 12. Connection closed  org.apache.commons.dbcp.PoolingConnection.close(PoolingConnection.java:93)
2017-07-16 15:05:35,088 DEBUG main jdbc.connection - open connections:  2 3 4 5 6 7 8 9 10 11 (10)
2017-07-16 15:05:35,089  INFO main jdbc.connection - 13. Connection opened  org.apache.commons.dbcp.DriverConnectionFactory.createConnection(DriverConnectionFactory.java:38)
2017-07-16 15:05:35,089 DEBUG main jdbc.connection - open connections:  2 3 4 5 6 7 8 9 10 11 13 (11)
2017-07-16 15:05:35,090  INFO main jdbc.connection - 13. Connection closed  org.apache.commons.dbcp.PoolingConnection.close(PoolingConnection.java:93)
2017-07-16 15:05:35,090 DEBUG main jdbc.connection - open connections:  2 3 4 5 6 7 8 9 10 11 (10)
2017-07-16 15:05:35,091  INFO main jdbc.connection - 14. Connection opened  org.apache.commons.dbcp.DriverConnectionFactory.createConnection(DriverConnectionFactory.java:38)
2017-07-16 15:05:35,091 DEBUG main jdbc.connection - open connections:  2 3 4 5 6 7 8 9 10 11 14 (11)
2017-07-16 15:05:35,091  INFO main jdbc.connection - 14. Connection closed  org.apache.commons.dbcp.PoolingConnection.close(PoolingConnection.java:93)
2017-07-16 15:05:35,092 DEBUG main jdbc.connection - open connections:  2 3 4 5 6 7 8 9 10 11 (10)
2017-07-16 15:05:35,092  INFO main jdbc.connection - 15. Connection opened  org.apache.commons.dbcp.DriverConnectionFactory.createConnection(DriverConnectionFactory.java:38)
2017-07-16 15:05:35,093 DEBUG main jdbc.connection - open connections:  2 3 4 5 6 7 8 9 10 11 15 (11)
2017-07-16 15:05:35,093  INFO main jdbc.connection - 15. Connection closed  org.apache.commons.dbcp.PoolingConnection.close(PoolingConnection.java:93)
2017-07-16 15:05:35,093 DEBUG main jdbc.connection - open connections:  2 3 4 5 6 7 8 9 10 11 (10)
2017-07-16 15:05:35,094  INFO main jdbc.connection - 16. Connection opened  org.apache.commons.dbcp.DriverConnectionFactory.createConnection(DriverConnectionFactory.java:38)
2017-07-16 15:05:35,094 DEBUG main jdbc.connection - open connections:  2 3 4 5 6 7 8 9 10 11 16 (11)
2017-07-16 15:05:35,095  INFO main jdbc.connection - 16. Connection closed  org.apache.commons.dbcp.PoolingConnection.close(PoolingConnection.java:93)
2017-07-16 15:05:35,095 DEBUG main jdbc.connection - open connections:  2 3 4 5 6 7 8 9 10 11 (10)
2017-07-16 15:05:35,096  INFO main jdbc.connection - 17. Connection opened  org.apache.commons.dbcp.DriverConnectionFactory.createConnection(DriverConnectionFactory.java:38)
2017-07-16 15:05:35,096 DEBUG main jdbc.connection - open connections:  2 3 4 5 6 7 8 9 10 11 17 (11)
2017-07-16 15:05:35,096  INFO main jdbc.connection - 17. Connection closed  org.apache.commons.dbcp.PoolingConnection.close(PoolingConnection.java:93)
2017-07-16 15:05:35,097 DEBUG main jdbc.connection - open connections:  2 3 4 5 6 7 8 9 10 11 (10)
2017-07-16 15:05:35,099  INFO main jdbc.connection - 18. Connection opened  org.apache.commons.dbcp.DriverConnectionFactory.createConnection(DriverConnectionFactory.java:38)
2017-07-16 15:05:35,099 DEBUG main jdbc.connection - open connections:  2 3 4 5 6 7 8 9 10 11 18 (11)
2017-07-16 15:05:35,099  INFO main jdbc.connection - 18. Connection closed  org.apache.commons.dbcp.PoolingConnection.close(PoolingConnection.java:93)
2017-07-16 15:05:35,100 DEBUG main jdbc.connection - open connections:  2 3 4 5 6 7 8 9 10 11 (10)
2017-07-16 15:05:35,100  INFO main jdbc.connection - 19. Connection opened  org.apache.commons.dbcp.DriverConnectionFactory.createConnection(DriverConnectionFactory.java:38)
2017-07-16 15:05:35,101 DEBUG main jdbc.connection - open connections:  2 3 4 5 6 7 8 9 10 11 19 (11)
2017-07-16 15:05:35,101  INFO main jdbc.connection - 19. Connection closed  org.apache.commons.dbcp.PoolingConnection.close(PoolingConnection.java:93)
2017-07-16 15:05:35,101 DEBUG main jdbc.connection - open connections:  2 3 4 5 6 7 8 9 10 11 (10)
2017-07-16 15:05:35,102  INFO main jdbc.connection - 20. Connection opened  org.apache.commons.dbcp.DriverConnectionFactory.createConnection(DriverConnectionFactory.java:38)
2017-07-16 15:05:35,102 DEBUG main jdbc.connection - open connections:  2 3 4 5 6 7 8 9 10 11 20 (11)
2017-07-16 15:05:35,103  INFO main jdbc.connection - 20. Connection closed  org.apache.commons.dbcp.PoolingConnection.close(PoolingConnection.java:93)
2017-07-16 15:05:35,103 DEBUG main jdbc.connection - open connections:  2 3 4 5 6 7 8 9 10 11 (10)
2017-07-16 15:05:35,104  INFO main jdbc.connection - 21. Connection opened  org.apache.commons.dbcp.DriverConnectionFactory.createConnection(DriverConnectionFactory.java:38)
2017-07-16 15:05:35,104 DEBUG main jdbc.connection - open connections:  2 3 4 5 6 7 8 9 10 11 21 (11)
2017-07-16 15:05:35,105  INFO main jdbc.connection - 21. Connection closed  org.apache.commons.dbcp.PoolingConnection.close(PoolingConnection.java:93)
2017-07-16 15:05:35,105 DEBUG main jdbc.connection - open connections:  2 3 4 5 6 7 8 9 10 11 (10)
2017-07-16 15:06:17,560  INFO Thread-0 jdbc.connection - 11. Connection closed  org.apache.commons.dbcp.PoolingConnection.close(PoolingConnection.java:93)
2017-07-16 15:06:17,560 DEBUG Thread-0 jdbc.connection - open connections:  2 3 4 5 6 7 8 9 10 (9)
2017-07-16 15:06:17,561  INFO Thread-0 jdbc.connection - 10. Connection closed  org.apache.commons.dbcp.PoolingConnection.close(PoolingConnection.java:93)
2017-07-16 15:06:17,561 DEBUG Thread-0 jdbc.connection - open connections:  2 3 4 5 6 7 8 9 (8)
2017-07-16 15:06:17,561  INFO Thread-0 jdbc.connection - 9. Connection closed  org.apache.commons.dbcp.PoolingConnection.close(PoolingConnection.java:93)
2017-07-16 15:06:17,562 DEBUG Thread-0 jdbc.connection - open connections:  2 3 4 5 6 7 8 (7)
2017-07-16 15:06:17,562  INFO Thread-0 jdbc.connection - 8. Connection closed  org.apache.commons.dbcp.PoolingConnection.close(PoolingConnection.java:93)
2017-07-16 15:06:17,562 DEBUG Thread-0 jdbc.connection - open connections:  2 3 4 5 6 7 (6)
2017-07-16 15:06:17,562  INFO Thread-0 jdbc.connection - 7. Connection closed  org.apache.commons.dbcp.PoolingConnection.close(PoolingConnection.java:93)
2017-07-16 15:06:17,562 DEBUG Thread-0 jdbc.connection - open connections:  2 3 4 5 6 (5)
2017-07-16 15:06:17,563  INFO Thread-0 jdbc.connection - 6. Connection closed  org.apache.commons.dbcp.PoolingConnection.close(PoolingConnection.java:93)
2017-07-16 15:06:17,563 DEBUG Thread-0 jdbc.connection - open connections:  2 3 4 5 (4)
2017-07-16 15:06:17,563  INFO Thread-0 jdbc.connection - 5. Connection closed  org.apache.commons.dbcp.PoolingConnection.close(PoolingConnection.java:93)
2017-07-16 15:06:17,563 DEBUG Thread-0 jdbc.connection - open connections:  2 3 4 (3)
2017-07-16 15:06:17,564  INFO Thread-0 jdbc.connection - 4. Connection closed  org.apache.commons.dbcp.PoolingConnection.close(PoolingConnection.java:93)
2017-07-16 15:06:17,564 DEBUG Thread-0 jdbc.connection - open connections:  2 3 (2)
2017-07-16 15:06:17,564  INFO Thread-0 jdbc.connection - 3. Connection closed  org.apache.commons.dbcp.PoolingConnection.close(PoolingConnection.java:93)
2017-07-16 15:06:17,565 DEBUG Thread-0 jdbc.connection - open connections:  2 (1)
2017-07-16 15:06:17,565  INFO Thread-0 jdbc.connection - 2. Connection closed  org.apache.commons.dbcp.PoolingConnection.close(PoolingConnection.java:93)
2017-07-16 15:06:17,565 DEBUG Thread-0 jdbc.connection - open connections:  none
2017-07-16 15:06:20,646  INFO main jdbc.connection - 1. Connection opened  org.apache.commons.dbcp.DriverConnectionFactory.createConnection(DriverConnectionFactory.java:38)
2017-07-16 15:06:20,649 DEBUG main jdbc.connection - open connections:  1 (1)
2017-07-16 15:06:20,664  INFO main jdbc.connection - 1. Connection closed  org.apache.commons.dbcp.PoolingConnection.close(PoolingConnection.java:93)
2017-07-16 15:06:20,665 DEBUG main jdbc.connection - open connections:  none
2017-07-16 15:06:20,667  INFO main jdbc.connection - 2. Connection opened  org.apache.commons.dbcp.DriverConnectionFactory.createConnection(DriverConnectionFactory.java:38)
2017-07-16 15:06:20,667 DEBUG main jdbc.connection - open connections:  2 (1)
2017-07-16 15:06:20,668  INFO main jdbc.connection - 3. Connection opened  org.apache.commons.dbcp.DriverConnectionFactory.createConnection(DriverConnectionFactory.java:38)
2017-07-16 15:06:20,669 DEBUG main jdbc.connection - open connections:  2 3 (2)
2017-07-16 15:06:20,669  INFO main jdbc.connection - 4. Connection opened  org.apache.commons.dbcp.DriverConnectionFactory.createConnection(DriverConnectionFactory.java:38)
2017-07-16 15:06:20,670 DEBUG main jdbc.connection - open connections:  2 3 4 (3)
2017-07-16 15:06:20,670  INFO main jdbc.connection - 5. Connection opened  org.apache.commons.dbcp.DriverConnectionFactory.createConnection(DriverConnectionFactory.java:38)
2017-07-16 15:06:20,671 DEBUG main jdbc.connection - open connections:  2 3 4 5 (4)
2017-07-16 15:06:20,672  INFO main jdbc.connection - 6. Connection opened  org.apache.commons.dbcp.DriverConnectionFactory.createConnection(DriverConnectionFactory.java:38)
2017-07-16 15:06:20,672 DEBUG main jdbc.connection - open connections:  2 3 4 5 6 (5)
2017-07-16 15:06:20,673  INFO main jdbc.connection - 7. Connection opened  org.apache.commons.dbcp.DriverConnectionFactory.createConnection(DriverConnectionFactory.java:38)
2017-07-16 15:06:20,673 DEBUG main jdbc.connection - open connections:  2 3 4 5 6 7 (6)
2017-07-16 15:06:20,677  INFO main jdbc.connection - 8. Connection opened  org.apache.commons.dbcp.DriverConnectionFactory.createConnection(DriverConnectionFactory.java:38)
2017-07-16 15:06:20,677 DEBUG main jdbc.connection - open connections:  2 3 4 5 6 7 8 (7)
2017-07-16 15:06:20,678  INFO main jdbc.connection - 9. Connection opened  org.apache.commons.dbcp.DriverConnectionFactory.createConnection(DriverConnectionFactory.java:38)
2017-07-16 15:06:20,678 DEBUG main jdbc.connection - open connections:  2 3 4 5 6 7 8 9 (8)
2017-07-16 15:06:20,679  INFO main jdbc.connection - 10. Connection opened  org.apache.commons.dbcp.DriverConnectionFactory.createConnection(DriverConnectionFactory.java:38)
2017-07-16 15:06:20,679 DEBUG main jdbc.connection - open connections:  2 3 4 5 6 7 8 9 10 (9)
2017-07-16 15:06:20,680  INFO main jdbc.connection - 11. Connection opened  org.apache.commons.dbcp.DriverConnectionFactory.createConnection(DriverConnectionFactory.java:38)
2017-07-16 15:06:20,680 DEBUG main jdbc.connection - open connections:  2 3 4 5 6 7 8 9 10 11 (10)
2017-07-16 15:06:20,681  INFO main jdbc.connection - 12. Connection opened  org.apache.commons.dbcp.DriverConnectionFactory.createConnection(DriverConnectionFactory.java:38)
2017-07-16 15:06:20,681 DEBUG main jdbc.connection - open connections:  2 3 4 5 6 7 8 9 10 11 12 (11)
2017-07-16 15:06:20,681  INFO main jdbc.connection - 12. Connection closed  org.apache.commons.dbcp.PoolingConnection.close(PoolingConnection.java:93)
2017-07-16 15:06:20,682 DEBUG main jdbc.connection - open connections:  2 3 4 5 6 7 8 9 10 11 (10)
2017-07-16 15:06:20,683  INFO main jdbc.connection - 13. Connection opened  org.apache.commons.dbcp.DriverConnectionFactory.createConnection(DriverConnectionFactory.java:38)
2017-07-16 15:06:20,683 DEBUG main jdbc.connection - open connections:  2 3 4 5 6 7 8 9 10 11 13 (11)
2017-07-16 15:06:20,683  INFO main jdbc.connection - 13. Connection closed  org.apache.commons.dbcp.PoolingConnection.close(PoolingConnection.java:93)
2017-07-16 15:06:20,683 DEBUG main jdbc.connection - open connections:  2 3 4 5 6 7 8 9 10 11 (10)
2017-07-16 15:06:20,684  INFO main jdbc.connection - 14. Connection opened  org.apache.commons.dbcp.DriverConnectionFactory.createConnection(DriverConnectionFactory.java:38)
2017-07-16 15:06:20,684 DEBUG main jdbc.connection - open connections:  2 3 4 5 6 7 8 9 10 11 14 (11)
2017-07-16 15:06:20,685  INFO main jdbc.connection - 14. Connection closed  org.apache.commons.dbcp.PoolingConnection.close(PoolingConnection.java:93)
2017-07-16 15:06:20,685 DEBUG main jdbc.connection - open connections:  2 3 4 5 6 7 8 9 10 11 (10)
2017-07-16 15:06:20,686  INFO main jdbc.connection - 15. Connection opened  org.apache.commons.dbcp.DriverConnectionFactory.createConnection(DriverConnectionFactory.java:38)
2017-07-16 15:06:20,686 DEBUG main jdbc.connection - open connections:  2 3 4 5 6 7 8 9 10 11 15 (11)
2017-07-16 15:06:20,686  INFO main jdbc.connection - 15. Connection closed  org.apache.commons.dbcp.PoolingConnection.close(PoolingConnection.java:93)
2017-07-16 15:06:20,687 DEBUG main jdbc.connection - open connections:  2 3 4 5 6 7 8 9 10 11 (10)
2017-07-16 15:06:20,687  INFO main jdbc.connection - 16. Connection opened  org.apache.commons.dbcp.DriverConnectionFactory.createConnection(DriverConnectionFactory.java:38)
2017-07-16 15:06:20,688 DEBUG main jdbc.connection - open connections:  2 3 4 5 6 7 8 9 10 11 16 (11)
2017-07-16 15:06:20,688  INFO main jdbc.connection - 16. Connection closed  org.apache.commons.dbcp.PoolingConnection.close(PoolingConnection.java:93)
2017-07-16 15:06:20,688 DEBUG main jdbc.connection - open connections:  2 3 4 5 6 7 8 9 10 11 (10)
2017-07-16 15:06:20,689  INFO main jdbc.connection - 17. Connection opened  org.apache.commons.dbcp.DriverConnectionFactory.createConnection(DriverConnectionFactory.java:38)
2017-07-16 15:06:20,689 DEBUG main jdbc.connection - open connections:  2 3 4 5 6 7 8 9 10 11 17 (11)
2017-07-16 15:06:20,690  INFO main jdbc.connection - 17. Connection closed  org.apache.commons.dbcp.PoolingConnection.close(PoolingConnection.java:93)
2017-07-16 15:06:20,690 DEBUG main jdbc.connection - open connections:  2 3 4 5 6 7 8 9 10 11 (10)
2017-07-16 15:06:20,691  INFO main jdbc.connection - 18. Connection opened  org.apache.commons.dbcp.DriverConnectionFactory.createConnection(DriverConnectionFactory.java:38)
2017-07-16 15:06:20,692 DEBUG main jdbc.connection - open connections:  2 3 4 5 6 7 8 9 10 11 18 (11)
2017-07-16 15:06:20,693  INFO main jdbc.connection - 18. Connection closed  org.apache.commons.dbcp.PoolingConnection.close(PoolingConnection.java:93)
2017-07-16 15:06:20,693 DEBUG main jdbc.connection - open connections:  2 3 4 5 6 7 8 9 10 11 (10)
2017-07-16 15:06:20,694  INFO main jdbc.connection - 19. Connection opened  org.apache.commons.dbcp.DriverConnectionFactory.createConnection(DriverConnectionFactory.java:38)
2017-07-16 15:06:20,694 DEBUG main jdbc.connection - open connections:  2 3 4 5 6 7 8 9 10 11 19 (11)
2017-07-16 15:06:20,694  INFO main jdbc.connection - 19. Connection closed  org.apache.commons.dbcp.PoolingConnection.close(PoolingConnection.java:93)
2017-07-16 15:06:20,695 DEBUG main jdbc.connection - open connections:  2 3 4 5 6 7 8 9 10 11 (10)
2017-07-16 15:06:20,695  INFO main jdbc.connection - 20. Connection opened  org.apache.commons.dbcp.DriverConnectionFactory.createConnection(DriverConnectionFactory.java:38)
2017-07-16 15:06:20,696 DEBUG main jdbc.connection - open connections:  2 3 4 5 6 7 8 9 10 11 20 (11)
2017-07-16 15:06:20,696  INFO main jdbc.connection - 20. Connection closed  org.apache.commons.dbcp.PoolingConnection.close(PoolingConnection.java:93)
2017-07-16 15:06:20,697 DEBUG main jdbc.connection - open connections:  2 3 4 5 6 7 8 9 10 11 (10)
2017-07-16 15:06:20,697  INFO main jdbc.connection - 21. Connection opened  org.apache.commons.dbcp.DriverConnectionFactory.createConnection(DriverConnectionFactory.java:38)
2017-07-16 15:06:20,698 DEBUG main jdbc.connection - open connections:  2 3 4 5 6 7 8 9 10 11 21 (11)
2017-07-16 15:06:20,698  INFO main jdbc.connection - 21. Connection closed  org.apache.commons.dbcp.PoolingConnection.close(PoolingConnection.java:93)
2017-07-16 15:06:20,698 DEBUG main jdbc.connection - open connections:  2 3 4 5 6 7 8 9 10 11 (10)
2017-07-16 15:37:32,644  INFO Thread-0 jdbc.connection - 11. Connection closed  org.apache.commons.dbcp.PoolingConnection.close(PoolingConnection.java:93)
2017-07-16 15:37:32,645 DEBUG Thread-0 jdbc.connection - open connections:  2 3 4 5 6 7 8 9 10 (9)
2017-07-16 15:37:32,645  INFO Thread-0 jdbc.connection - 10. Connection closed  org.apache.commons.dbcp.PoolingConnection.close(PoolingConnection.java:93)
2017-07-16 15:37:32,646 DEBUG Thread-0 jdbc.connection - open connections:  2 3 4 5 6 7 8 9 (8)
2017-07-16 15:37:32,646  INFO Thread-0 jdbc.connection - 9. Connection closed  org.apache.commons.dbcp.PoolingConnection.close(PoolingConnection.java:93)
2017-07-16 15:37:32,646 DEBUG Thread-0 jdbc.connection - open connections:  2 3 4 5 6 7 8 (7)
2017-07-16 15:37:32,647  INFO Thread-0 jdbc.connection - 8. Connection closed  org.apache.commons.dbcp.PoolingConnection.close(PoolingConnection.java:93)
2017-07-16 15:37:32,647 DEBUG Thread-0 jdbc.connection - open connections:  2 3 4 5 6 7 (6)
2017-07-16 15:37:32,647  INFO Thread-0 jdbc.connection - 7. Connection closed  org.apache.commons.dbcp.PoolingConnection.close(PoolingConnection.java:93)
2017-07-16 15:37:32,647 DEBUG Thread-0 jdbc.connection - open connections:  2 3 4 5 6 (5)
2017-07-16 15:37:32,648  INFO Thread-0 jdbc.connection - 6. Connection closed  org.apache.commons.dbcp.PoolingConnection.close(PoolingConnection.java:93)
2017-07-16 15:37:32,648 DEBUG Thread-0 jdbc.connection - open connections:  2 3 4 5 (4)
2017-07-16 15:37:32,649  INFO Thread-0 jdbc.connection - 5. Connection closed  org.apache.commons.dbcp.PoolingConnection.close(PoolingConnection.java:93)
2017-07-16 15:37:32,649 DEBUG Thread-0 jdbc.connection - open connections:  2 3 4 (3)
2017-07-16 15:37:32,649  INFO Thread-0 jdbc.connection - 4. Connection closed  org.apache.commons.dbcp.PoolingConnection.close(PoolingConnection.java:93)
2017-07-16 15:37:32,650 DEBUG Thread-0 jdbc.connection - open connections:  2 3 (2)
2017-07-16 15:37:32,650  INFO Thread-0 jdbc.connection - 3. Connection closed  org.apache.commons.dbcp.PoolingConnection.close(PoolingConnection.java:93)
2017-07-16 15:37:32,650 DEBUG Thread-0 jdbc.connection - open connections:  2 (1)
2017-07-16 15:37:32,650  INFO Thread-0 jdbc.connection - 2. Connection closed  org.apache.commons.dbcp.PoolingConnection.close(PoolingConnection.java:93)
2017-07-16 15:37:32,651 DEBUG Thread-0 jdbc.connection - open connections:  none
2017-07-16 15:37:37,616  INFO main jdbc.connection - 1. Connection opened  org.apache.commons.dbcp.DriverConnectionFactory.createConnection(DriverConnectionFactory.java:38)
2017-07-16 15:37:37,620 DEBUG main jdbc.connection - open connections:  1 (1)
2017-07-16 15:37:37,635  INFO main jdbc.connection - 1. Connection closed  org.apache.commons.dbcp.PoolingConnection.close(PoolingConnection.java:93)
2017-07-16 15:37:37,635 DEBUG main jdbc.connection - open connections:  none
2017-07-16 15:37:37,637  INFO main jdbc.connection - 2. Connection opened  org.apache.commons.dbcp.DriverConnectionFactory.createConnection(DriverConnectionFactory.java:38)
2017-07-16 15:37:37,637 DEBUG main jdbc.connection - open connections:  2 (1)
2017-07-16 15:37:37,639  INFO main jdbc.connection - 3. Connection opened  org.apache.commons.dbcp.DriverConnectionFactory.createConnection(DriverConnectionFactory.java:38)
2017-07-16 15:37:37,639 DEBUG main jdbc.connection - open connections:  2 3 (2)
2017-07-16 15:37:37,640  INFO main jdbc.connection - 4. Connection opened  org.apache.commons.dbcp.DriverConnectionFactory.createConnection(DriverConnectionFactory.java:38)
2017-07-16 15:37:37,640 DEBUG main jdbc.connection - open connections:  2 3 4 (3)
2017-07-16 15:37:37,641  INFO main jdbc.connection - 5. Connection opened  org.apache.commons.dbcp.DriverConnectionFactory.createConnection(DriverConnectionFactory.java:38)
2017-07-16 15:37:37,641 DEBUG main jdbc.connection - open connections:  2 3 4 5 (4)
2017-07-16 15:37:37,642  INFO main jdbc.connection - 6. Connection opened  org.apache.commons.dbcp.DriverConnectionFactory.createConnection(DriverConnectionFactory.java:38)
2017-07-16 15:37:37,643 DEBUG main jdbc.connection - open connections:  2 3 4 5 6 (5)
2017-07-16 15:37:37,644  INFO main jdbc.connection - 7. Connection opened  org.apache.commons.dbcp.DriverConnectionFactory.createConnection(DriverConnectionFactory.java:38)
2017-07-16 15:37:37,644 DEBUG main jdbc.connection - open connections:  2 3 4 5 6 7 (6)
2017-07-16 15:37:37,647  INFO main jdbc.connection - 8. Connection opened  org.apache.commons.dbcp.DriverConnectionFactory.createConnection(DriverConnectionFactory.java:38)
2017-07-16 15:37:37,648 DEBUG main jdbc.connection - open connections:  2 3 4 5 6 7 8 (7)
2017-07-16 15:37:37,648  INFO main jdbc.connection - 9. Connection opened  org.apache.commons.dbcp.DriverConnectionFactory.createConnection(DriverConnectionFactory.java:38)
2017-07-16 15:37:37,649 DEBUG main jdbc.connection - open connections:  2 3 4 5 6 7 8 9 (8)
2017-07-16 15:37:37,649  INFO main jdbc.connection - 10. Connection opened  org.apache.commons.dbcp.DriverConnectionFactory.createConnection(DriverConnectionFactory.java:38)
2017-07-16 15:37:37,650 DEBUG main jdbc.connection - open connections:  2 3 4 5 6 7 8 9 10 (9)
2017-07-16 15:37:37,650  INFO main jdbc.connection - 11. Connection opened  org.apache.commons.dbcp.DriverConnectionFactory.createConnection(DriverConnectionFactory.java:38)
2017-07-16 15:37:37,651 DEBUG main jdbc.connection - open connections:  2 3 4 5 6 7 8 9 10 11 (10)
2017-07-16 15:37:37,651  INFO main jdbc.connection - 12. Connection opened  org.apache.commons.dbcp.DriverConnectionFactory.createConnection(DriverConnectionFactory.java:38)
2017-07-16 15:37:37,652 DEBUG main jdbc.connection - open connections:  2 3 4 5 6 7 8 9 10 11 12 (11)
2017-07-16 15:37:37,652  INFO main jdbc.connection - 12. Connection closed  org.apache.commons.dbcp.PoolingConnection.close(PoolingConnection.java:93)
2017-07-16 15:37:37,653 DEBUG main jdbc.connection - open connections:  2 3 4 5 6 7 8 9 10 11 (10)
2017-07-16 15:37:37,653  INFO main jdbc.connection - 13. Connection opened  org.apache.commons.dbcp.DriverConnectionFactory.createConnection(DriverConnectionFactory.java:38)
2017-07-16 15:37:37,654 DEBUG main jdbc.connection - open connections:  2 3 4 5 6 7 8 9 10 11 13 (11)
2017-07-16 15:37:37,654  INFO main jdbc.connection - 13. Connection closed  org.apache.commons.dbcp.PoolingConnection.close(PoolingConnection.java:93)
2017-07-16 15:37:37,654 DEBUG main jdbc.connection - open connections:  2 3 4 5 6 7 8 9 10 11 (10)
2017-07-16 15:37:37,655  INFO main jdbc.connection - 14. Connection opened  org.apache.commons.dbcp.DriverConnectionFactory.createConnection(DriverConnectionFactory.java:38)
2017-07-16 15:37:37,655 DEBUG main jdbc.connection - open connections:  2 3 4 5 6 7 8 9 10 11 14 (11)
2017-07-16 15:37:37,656  INFO main jdbc.connection - 14. Connection closed  org.apache.commons.dbcp.PoolingConnection.close(PoolingConnection.java:93)
2017-07-16 15:37:37,656 DEBUG main jdbc.connection - open connections:  2 3 4 5 6 7 8 9 10 11 (10)
2017-07-16 15:37:37,657  INFO main jdbc.connection - 15. Connection opened  org.apache.commons.dbcp.DriverConnectionFactory.createConnection(DriverConnectionFactory.java:38)
2017-07-16 15:37:37,657 DEBUG main jdbc.connection - open connections:  2 3 4 5 6 7 8 9 10 11 15 (11)
2017-07-16 15:37:37,657  INFO main jdbc.connection - 15. Connection closed  org.apache.commons.dbcp.PoolingConnection.close(PoolingConnection.java:93)
2017-07-16 15:37:37,658 DEBUG main jdbc.connection - open connections:  2 3 4 5 6 7 8 9 10 11 (10)
2017-07-16 15:37:37,658  INFO main jdbc.connection - 16. Connection opened  org.apache.commons.dbcp.DriverConnectionFactory.createConnection(DriverConnectionFactory.java:38)
2017-07-16 15:37:37,659 DEBUG main jdbc.connection - open connections:  2 3 4 5 6 7 8 9 10 11 16 (11)
2017-07-16 15:37:37,659  INFO main jdbc.connection - 16. Connection closed  org.apache.commons.dbcp.PoolingConnection.close(PoolingConnection.java:93)
2017-07-16 15:37:37,659 DEBUG main jdbc.connection - open connections:  2 3 4 5 6 7 8 9 10 11 (10)
2017-07-16 15:37:37,660  INFO main jdbc.connection - 17. Connection opened  org.apache.commons.dbcp.DriverConnectionFactory.createConnection(DriverConnectionFactory.java:38)
2017-07-16 15:37:37,660 DEBUG main jdbc.connection - open connections:  2 3 4 5 6 7 8 9 10 11 17 (11)
2017-07-16 15:37:37,661  INFO main jdbc.connection - 17. Connection closed  org.apache.commons.dbcp.PoolingConnection.close(PoolingConnection.java:93)
2017-07-16 15:37:37,661 DEBUG main jdbc.connection - open connections:  2 3 4 5 6 7 8 9 10 11 (10)
2017-07-16 15:37:37,662  INFO main jdbc.connection - 18. Connection opened  org.apache.commons.dbcp.DriverConnectionFactory.createConnection(DriverConnectionFactory.java:38)
2017-07-16 15:37:37,663 DEBUG main jdbc.connection - open connections:  2 3 4 5 6 7 8 9 10 11 18 (11)
2017-07-16 15:37:37,664  INFO main jdbc.connection - 18. Connection closed  org.apache.commons.dbcp.PoolingConnection.close(PoolingConnection.java:93)
2017-07-16 15:37:37,664 DEBUG main jdbc.connection - open connections:  2 3 4 5 6 7 8 9 10 11 (10)
2017-07-16 15:37:37,665  INFO main jdbc.connection - 19. Connection opened  org.apache.commons.dbcp.DriverConnectionFactory.createConnection(DriverConnectionFactory.java:38)
2017-07-16 15:37:37,665 DEBUG main jdbc.connection - open connections:  2 3 4 5 6 7 8 9 10 11 19 (11)
2017-07-16 15:37:37,665  INFO main jdbc.connection - 19. Connection closed  org.apache.commons.dbcp.PoolingConnection.close(PoolingConnection.java:93)
2017-07-16 15:37:37,666 DEBUG main jdbc.connection - open connections:  2 3 4 5 6 7 8 9 10 11 (10)
2017-07-16 15:37:37,666  INFO main jdbc.connection - 20. Connection opened  org.apache.commons.dbcp.DriverConnectionFactory.createConnection(DriverConnectionFactory.java:38)
2017-07-16 15:37:37,667 DEBUG main jdbc.connection - open connections:  2 3 4 5 6 7 8 9 10 11 20 (11)
2017-07-16 15:37:37,667  INFO main jdbc.connection - 20. Connection closed  org.apache.commons.dbcp.PoolingConnection.close(PoolingConnection.java:93)
2017-07-16 15:37:37,667 DEBUG main jdbc.connection - open connections:  2 3 4 5 6 7 8 9 10 11 (10)
2017-07-16 15:37:37,668  INFO main jdbc.connection - 21. Connection opened  org.apache.commons.dbcp.DriverConnectionFactory.createConnection(DriverConnectionFactory.java:38)
2017-07-16 15:37:37,668 DEBUG main jdbc.connection - open connections:  2 3 4 5 6 7 8 9 10 11 21 (11)
2017-07-16 15:37:37,669  INFO main jdbc.connection - 21. Connection closed  org.apache.commons.dbcp.PoolingConnection.close(PoolingConnection.java:93)
2017-07-16 15:37:37,669 DEBUG main jdbc.connection - open connections:  2 3 4 5 6 7 8 9 10 11 (10)
2017-07-16 16:06:24,363  INFO main jdbc.connection - 1. Connection opened  org.apache.commons.dbcp.DriverConnectionFactory.createConnection(DriverConnectionFactory.java:38)
2017-07-16 16:06:24,368 DEBUG main jdbc.connection - open connections:  1 (1)
2017-07-16 16:06:24,386  INFO main jdbc.connection - 1. Connection closed  org.apache.commons.dbcp.PoolingConnection.close(PoolingConnection.java:93)
2017-07-16 16:06:24,386 DEBUG main jdbc.connection - open connections:  none
2017-07-16 16:06:24,388  INFO main jdbc.connection - 2. Connection opened  org.apache.commons.dbcp.DriverConnectionFactory.createConnection(DriverConnectionFactory.java:38)
2017-07-16 16:06:24,389 DEBUG main jdbc.connection - open connections:  2 (1)
2017-07-16 16:06:24,391  INFO main jdbc.connection - 3. Connection opened  org.apache.commons.dbcp.DriverConnectionFactory.createConnection(DriverConnectionFactory.java:38)
2017-07-16 16:06:24,391 DEBUG main jdbc.connection - open connections:  2 3 (2)
2017-07-16 16:06:24,392  INFO main jdbc.connection - 4. Connection opened  org.apache.commons.dbcp.DriverConnectionFactory.createConnection(DriverConnectionFactory.java:38)
2017-07-16 16:06:24,392 DEBUG main jdbc.connection - open connections:  2 3 4 (3)
2017-07-16 16:06:24,393  INFO main jdbc.connection - 5. Connection opened  org.apache.commons.dbcp.DriverConnectionFactory.createConnection(DriverConnectionFactory.java:38)
2017-07-16 16:06:24,394 DEBUG main jdbc.connection - open connections:  2 3 4 5 (4)
2017-07-16 16:06:24,396  INFO main jdbc.connection - 6. Connection opened  org.apache.commons.dbcp.DriverConnectionFactory.createConnection(DriverConnectionFactory.java:38)
2017-07-16 16:06:24,397 DEBUG main jdbc.connection - open connections:  2 3 4 5 6 (5)
2017-07-16 16:06:24,397  INFO main jdbc.connection - 7. Connection opened  org.apache.commons.dbcp.DriverConnectionFactory.createConnection(DriverConnectionFactory.java:38)
2017-07-16 16:06:24,398 DEBUG main jdbc.connection - open connections:  2 3 4 5 6 7 (6)
2017-07-16 16:06:24,402  INFO main jdbc.connection - 8. Connection opened  org.apache.commons.dbcp.DriverConnectionFactory.createConnection(DriverConnectionFactory.java:38)
2017-07-16 16:06:24,403 DEBUG main jdbc.connection - open connections:  2 3 4 5 6 7 8 (7)
2017-07-16 16:06:24,403  INFO main jdbc.connection - 9. Connection opened  org.apache.commons.dbcp.DriverConnectionFactory.createConnection(DriverConnectionFactory.java:38)
2017-07-16 16:06:24,403 DEBUG main jdbc.connection - open connections:  2 3 4 5 6 7 8 9 (8)
2017-07-16 16:06:24,404  INFO main jdbc.connection - 10. Connection opened  org.apache.commons.dbcp.DriverConnectionFactory.createConnection(DriverConnectionFactory.java:38)
2017-07-16 16:06:24,405 DEBUG main jdbc.connection - open connections:  2 3 4 5 6 7 8 9 10 (9)
2017-07-16 16:06:24,405  INFO main jdbc.connection - 11. Connection opened  org.apache.commons.dbcp.DriverConnectionFactory.createConnection(DriverConnectionFactory.java:38)
2017-07-16 16:06:24,406 DEBUG main jdbc.connection - open connections:  2 3 4 5 6 7 8 9 10 11 (10)
2017-07-16 16:06:24,407  INFO main jdbc.connection - 12. Connection opened  org.apache.commons.dbcp.DriverConnectionFactory.createConnection(DriverConnectionFactory.java:38)
2017-07-16 16:06:24,407 DEBUG main jdbc.connection - open connections:  2 3 4 5 6 7 8 9 10 11 12 (11)
2017-07-16 16:06:24,407  INFO main jdbc.connection - 12. Connection closed  org.apache.commons.dbcp.PoolingConnection.close(PoolingConnection.java:93)
2017-07-16 16:06:24,408 DEBUG main jdbc.connection - open connections:  2 3 4 5 6 7 8 9 10 11 (10)
2017-07-16 16:06:24,408  INFO main jdbc.connection - 13. Connection opened  org.apache.commons.dbcp.DriverConnectionFactory.createConnection(DriverConnectionFactory.java:38)
2017-07-16 16:06:24,409 DEBUG main jdbc.connection - open connections:  2 3 4 5 6 7 8 9 10 11 13 (11)
2017-07-16 16:06:24,409  INFO main jdbc.connection - 13. Connection closed  org.apache.commons.dbcp.PoolingConnection.close(PoolingConnection.java:93)
2017-07-16 16:06:24,409 DEBUG main jdbc.connection - open connections:  2 3 4 5 6 7 8 9 10 11 (10)
2017-07-16 16:06:24,410  INFO main jdbc.connection - 14. Connection opened  org.apache.commons.dbcp.DriverConnectionFactory.createConnection(DriverConnectionFactory.java:38)
2017-07-16 16:06:24,410 DEBUG main jdbc.connection - open connections:  2 3 4 5 6 7 8 9 10 11 14 (11)
2017-07-16 16:06:24,411  INFO main jdbc.connection - 14. Connection closed  org.apache.commons.dbcp.PoolingConnection.close(PoolingConnection.java:93)
2017-07-16 16:06:24,411 DEBUG main jdbc.connection - open connections:  2 3 4 5 6 7 8 9 10 11 (10)
2017-07-16 16:06:24,412  INFO main jdbc.connection - 15. Connection opened  org.apache.commons.dbcp.DriverConnectionFactory.createConnection(DriverConnectionFactory.java:38)
2017-07-16 16:06:24,412 DEBUG main jdbc.connection - open connections:  2 3 4 5 6 7 8 9 10 11 15 (11)
2017-07-16 16:06:24,412  INFO main jdbc.connection - 15. Connection closed  org.apache.commons.dbcp.PoolingConnection.close(PoolingConnection.java:93)
2017-07-16 16:06:24,413 DEBUG main jdbc.connection - open connections:  2 3 4 5 6 7 8 9 10 11 (10)
2017-07-16 16:06:24,413  INFO main jdbc.connection - 16. Connection opened  org.apache.commons.dbcp.DriverConnectionFactory.createConnection(DriverConnectionFactory.java:38)
2017-07-16 16:06:24,414 DEBUG main jdbc.connection - open connections:  2 3 4 5 6 7 8 9 10 11 16 (11)
2017-07-16 16:06:24,414  INFO main jdbc.connection - 16. Connection closed  org.apache.commons.dbcp.PoolingConnection.close(PoolingConnection.java:93)
2017-07-16 16:06:24,415 DEBUG main jdbc.connection - open connections:  2 3 4 5 6 7 8 9 10 11 (10)
2017-07-16 16:06:24,415  INFO main jdbc.connection - 17. Connection opened  org.apache.commons.dbcp.DriverConnectionFactory.createConnection(DriverConnectionFactory.java:38)
2017-07-16 16:06:24,416 DEBUG main jdbc.connection - open connections:  2 3 4 5 6 7 8 9 10 11 17 (11)
2017-07-16 16:06:24,416  INFO main jdbc.connection - 17. Connection closed  org.apache.commons.dbcp.PoolingConnection.close(PoolingConnection.java:93)
2017-07-16 16:06:24,416 DEBUG main jdbc.connection - open connections:  2 3 4 5 6 7 8 9 10 11 (10)
2017-07-16 16:06:24,417  INFO main jdbc.connection - 18. Connection opened  org.apache.commons.dbcp.DriverConnectionFactory.createConnection(DriverConnectionFactory.java:38)
2017-07-16 16:06:24,418 DEBUG main jdbc.connection - open connections:  2 3 4 5 6 7 8 9 10 11 18 (11)
2017-07-16 16:06:24,418  INFO main jdbc.connection - 18. Connection closed  org.apache.commons.dbcp.PoolingConnection.close(PoolingConnection.java:93)
2017-07-16 16:06:24,419 DEBUG main jdbc.connection - open connections:  2 3 4 5 6 7 8 9 10 11 (10)
2017-07-16 16:06:24,419  INFO main jdbc.connection - 19. Connection opened  org.apache.commons.dbcp.DriverConnectionFactory.createConnection(DriverConnectionFactory.java:38)
2017-07-16 16:06:24,420 DEBUG main jdbc.connection - open connections:  2 3 4 5 6 7 8 9 10 11 19 (11)
2017-07-16 16:06:24,420  INFO main jdbc.connection - 19. Connection closed  org.apache.commons.dbcp.PoolingConnection.close(PoolingConnection.java:93)
2017-07-16 16:06:24,420 DEBUG main jdbc.connection - open connections:  2 3 4 5 6 7 8 9 10 11 (10)
2017-07-16 16:06:24,421  INFO main jdbc.connection - 20. Connection opened  org.apache.commons.dbcp.DriverConnectionFactory.createConnection(DriverConnectionFactory.java:38)
2017-07-16 16:06:24,421 DEBUG main jdbc.connection - open connections:  2 3 4 5 6 7 8 9 10 11 20 (11)
2017-07-16 16:06:24,422  INFO main jdbc.connection - 20. Connection closed  org.apache.commons.dbcp.PoolingConnection.close(PoolingConnection.java:93)
2017-07-16 16:06:24,422 DEBUG main jdbc.connection - open connections:  2 3 4 5 6 7 8 9 10 11 (10)
2017-07-16 16:06:24,423  INFO main jdbc.connection - 21. Connection opened  org.apache.commons.dbcp.DriverConnectionFactory.createConnection(DriverConnectionFactory.java:38)
2017-07-16 16:06:24,423 DEBUG main jdbc.connection - open connections:  2 3 4 5 6 7 8 9 10 11 21 (11)
2017-07-16 16:06:24,423  INFO main jdbc.connection - 21. Connection closed  org.apache.commons.dbcp.PoolingConnection.close(PoolingConnection.java:93)
2017-07-16 16:06:24,423 DEBUG main jdbc.connection - open connections:  2 3 4 5 6 7 8 9 10 11 (10)
2017-07-16 16:11:29,942  INFO main jdbc.connection - 1. Connection opened  org.apache.commons.dbcp.DriverConnectionFactory.createConnection(DriverConnectionFactory.java:38)
2017-07-16 16:11:29,945 DEBUG main jdbc.connection - open connections:  1 (1)
2017-07-16 16:11:29,960  INFO main jdbc.connection - 1. Connection closed  org.apache.commons.dbcp.PoolingConnection.close(PoolingConnection.java:93)
2017-07-16 16:11:29,960 DEBUG main jdbc.connection - open connections:  none
2017-07-16 16:11:29,962  INFO main jdbc.connection - 2. Connection opened  org.apache.commons.dbcp.DriverConnectionFactory.createConnection(DriverConnectionFactory.java:38)
2017-07-16 16:11:29,962 DEBUG main jdbc.connection - open connections:  2 (1)
2017-07-16 16:11:29,964  INFO main jdbc.connection - 3. Connection opened  org.apache.commons.dbcp.DriverConnectionFactory.createConnection(DriverConnectionFactory.java:38)
2017-07-16 16:11:29,964 DEBUG main jdbc.connection - open connections:  2 3 (2)
2017-07-16 16:11:29,965  INFO main jdbc.connection - 4. Connection opened  org.apache.commons.dbcp.DriverConnectionFactory.createConnection(DriverConnectionFactory.java:38)
2017-07-16 16:11:29,966 DEBUG main jdbc.connection - open connections:  2 3 4 (3)
2017-07-16 16:11:29,967  INFO main jdbc.connection - 5. Connection opened  org.apache.commons.dbcp.DriverConnectionFactory.createConnection(DriverConnectionFactory.java:38)
2017-07-16 16:11:29,967 DEBUG main jdbc.connection - open connections:  2 3 4 5 (4)
2017-07-16 16:11:29,968  INFO main jdbc.connection - 6. Connection opened  org.apache.commons.dbcp.DriverConnectionFactory.createConnection(DriverConnectionFactory.java:38)
2017-07-16 16:11:29,968 DEBUG main jdbc.connection - open connections:  2 3 4 5 6 (5)
2017-07-16 16:11:29,969  INFO main jdbc.connection - 7. Connection opened  org.apache.commons.dbcp.DriverConnectionFactory.createConnection(DriverConnectionFactory.java:38)
2017-07-16 16:11:29,969 DEBUG main jdbc.connection - open connections:  2 3 4 5 6 7 (6)
2017-07-16 16:11:29,972  INFO main jdbc.connection - 8. Connection opened  org.apache.commons.dbcp.DriverConnectionFactory.createConnection(DriverConnectionFactory.java:38)
2017-07-16 16:11:29,973 DEBUG main jdbc.connection - open connections:  2 3 4 5 6 7 8 (7)
2017-07-16 16:11:29,974  INFO main jdbc.connection - 9. Connection opened  org.apache.commons.dbcp.DriverConnectionFactory.createConnection(DriverConnectionFactory.java:38)
2017-07-16 16:11:29,974 DEBUG main jdbc.connection - open connections:  2 3 4 5 6 7 8 9 (8)
2017-07-16 16:11:29,975  INFO main jdbc.connection - 10. Connection opened  org.apache.commons.dbcp.DriverConnectionFactory.createConnection(DriverConnectionFactory.java:38)
2017-07-16 16:11:29,975 DEBUG main jdbc.connection - open connections:  2 3 4 5 6 7 8 9 10 (9)
2017-07-16 16:11:29,976  INFO main jdbc.connection - 11. Connection opened  org.apache.commons.dbcp.DriverConnectionFactory.createConnection(DriverConnectionFactory.java:38)
2017-07-16 16:11:29,977 DEBUG main jdbc.connection - open connections:  2 3 4 5 6 7 8 9 10 11 (10)
2017-07-16 16:11:29,977  INFO main jdbc.connection - 12. Connection opened  org.apache.commons.dbcp.DriverConnectionFactory.createConnection(DriverConnectionFactory.java:38)
2017-07-16 16:11:29,978 DEBUG main jdbc.connection - open connections:  2 3 4 5 6 7 8 9 10 11 12 (11)
2017-07-16 16:11:29,978  INFO main jdbc.connection - 12. Connection closed  org.apache.commons.dbcp.PoolingConnection.close(PoolingConnection.java:93)
2017-07-16 16:11:29,979 DEBUG main jdbc.connection - open connections:  2 3 4 5 6 7 8 9 10 11 (10)
2017-07-16 16:11:29,979  INFO main jdbc.connection - 13. Connection opened  org.apache.commons.dbcp.DriverConnectionFactory.createConnection(DriverConnectionFactory.java:38)
2017-07-16 16:11:29,980 DEBUG main jdbc.connection - open connections:  2 3 4 5 6 7 8 9 10 11 13 (11)
2017-07-16 16:11:29,980  INFO main jdbc.connection - 13. Connection closed  org.apache.commons.dbcp.PoolingConnection.close(PoolingConnection.java:93)
2017-07-16 16:11:29,980 DEBUG main jdbc.connection - open connections:  2 3 4 5 6 7 8 9 10 11 (10)
2017-07-16 16:11:29,981  INFO main jdbc.connection - 14. Connection opened  org.apache.commons.dbcp.DriverConnectionFactory.createConnection(DriverConnectionFactory.java:38)
2017-07-16 16:11:29,981 DEBUG main jdbc.connection - open connections:  2 3 4 5 6 7 8 9 10 11 14 (11)
2017-07-16 16:11:29,982  INFO main jdbc.connection - 14. Connection closed  org.apache.commons.dbcp.PoolingConnection.close(PoolingConnection.java:93)
2017-07-16 16:11:29,982 DEBUG main jdbc.connection - open connections:  2 3 4 5 6 7 8 9 10 11 (10)
2017-07-16 16:11:29,982  INFO main jdbc.connection - 15. Connection opened  org.apache.commons.dbcp.DriverConnectionFactory.createConnection(DriverConnectionFactory.java:38)
2017-07-16 16:11:29,983 DEBUG main jdbc.connection - open connections:  2 3 4 5 6 7 8 9 10 11 15 (11)
2017-07-16 16:11:29,983  INFO main jdbc.connection - 15. Connection closed  org.apache.commons.dbcp.PoolingConnection.close(PoolingConnection.java:93)
2017-07-16 16:11:29,983 DEBUG main jdbc.connection - open connections:  2 3 4 5 6 7 8 9 10 11 (10)
2017-07-16 16:11:29,984  INFO main jdbc.connection - 16. Connection opened  org.apache.commons.dbcp.DriverConnectionFactory.createConnection(DriverConnectionFactory.java:38)
2017-07-16 16:11:29,985 DEBUG main jdbc.connection - open connections:  2 3 4 5 6 7 8 9 10 11 16 (11)
2017-07-16 16:11:29,985  INFO main jdbc.connection - 16. Connection closed  org.apache.commons.dbcp.PoolingConnection.close(PoolingConnection.java:93)
2017-07-16 16:11:29,985 DEBUG main jdbc.connection - open connections:  2 3 4 5 6 7 8 9 10 11 (10)
2017-07-16 16:11:29,986  INFO main jdbc.connection - 17. Connection opened  org.apache.commons.dbcp.DriverConnectionFactory.createConnection(DriverConnectionFactory.java:38)
2017-07-16 16:11:29,986 DEBUG main jdbc.connection - open connections:  2 3 4 5 6 7 8 9 10 11 17 (11)
2017-07-16 16:11:29,987  INFO main jdbc.connection - 17. Connection closed  org.apache.commons.dbcp.PoolingConnection.close(PoolingConnection.java:93)
2017-07-16 16:11:29,987 DEBUG main jdbc.connection - open connections:  2 3 4 5 6 7 8 9 10 11 (10)
2017-07-16 16:11:29,989  INFO main jdbc.connection - 18. Connection opened  org.apache.commons.dbcp.DriverConnectionFactory.createConnection(DriverConnectionFactory.java:38)
2017-07-16 16:11:29,989 DEBUG main jdbc.connection - open connections:  2 3 4 5 6 7 8 9 10 11 18 (11)
2017-07-16 16:11:29,990  INFO main jdbc.connection - 18. Connection closed  org.apache.commons.dbcp.PoolingConnection.close(PoolingConnection.java:93)
2017-07-16 16:11:29,990 DEBUG main jdbc.connection - open connections:  2 3 4 5 6 7 8 9 10 11 (10)
2017-07-16 16:11:29,991  INFO main jdbc.connection - 19. Connection opened  org.apache.commons.dbcp.DriverConnectionFactory.createConnection(DriverConnectionFactory.java:38)
2017-07-16 16:11:29,991 DEBUG main jdbc.connection - open connections:  2 3 4 5 6 7 8 9 10 11 19 (11)
2017-07-16 16:11:29,992  INFO main jdbc.connection - 19. Connection closed  org.apache.commons.dbcp.PoolingConnection.close(PoolingConnection.java:93)
2017-07-16 16:11:29,992 DEBUG main jdbc.connection - open connections:  2 3 4 5 6 7 8 9 10 11 (10)
2017-07-16 16:11:29,993  INFO main jdbc.connection - 20. Connection opened  org.apache.commons.dbcp.DriverConnectionFactory.createConnection(DriverConnectionFactory.java:38)
2017-07-16 16:11:29,993 DEBUG main jdbc.connection - open connections:  2 3 4 5 6 7 8 9 10 11 20 (11)
2017-07-16 16:11:29,994  INFO main jdbc.connection - 20. Connection closed  org.apache.commons.dbcp.PoolingConnection.close(PoolingConnection.java:93)
2017-07-16 16:11:29,994 DEBUG main jdbc.connection - open connections:  2 3 4 5 6 7 8 9 10 11 (10)
2017-07-16 16:11:29,994  INFO main jdbc.connection - 21. Connection opened  org.apache.commons.dbcp.DriverConnectionFactory.createConnection(DriverConnectionFactory.java:38)
2017-07-16 16:11:29,995 DEBUG main jdbc.connection - open connections:  2 3 4 5 6 7 8 9 10 11 21 (11)
2017-07-16 16:11:29,995  INFO main jdbc.connection - 21. Connection closed  org.apache.commons.dbcp.PoolingConnection.close(PoolingConnection.java:93)
2017-07-16 16:11:29,995 DEBUG main jdbc.connection - open connections:  2 3 4 5 6 7 8 9 10 11 (10)
2017-07-16 16:12:26,297  INFO main jdbc.connection - 1. Connection opened  org.apache.commons.dbcp.DriverConnectionFactory.createConnection(DriverConnectionFactory.java:38)
2017-07-16 16:12:26,300 DEBUG main jdbc.connection - open connections:  1 (1)
2017-07-16 16:12:26,316  INFO main jdbc.connection - 1. Connection closed  org.apache.commons.dbcp.PoolingConnection.close(PoolingConnection.java:93)
2017-07-16 16:12:26,316 DEBUG main jdbc.connection - open connections:  none
2017-07-16 16:12:26,318  INFO main jdbc.connection - 2. Connection opened  org.apache.commons.dbcp.DriverConnectionFactory.createConnection(DriverConnectionFactory.java:38)
2017-07-16 16:12:26,318 DEBUG main jdbc.connection - open connections:  2 (1)
2017-07-16 16:12:26,319  INFO main jdbc.connection - 3. Connection opened  org.apache.commons.dbcp.DriverConnectionFactory.createConnection(DriverConnectionFactory.java:38)
2017-07-16 16:12:26,320 DEBUG main jdbc.connection - open connections:  2 3 (2)
2017-07-16 16:12:26,321  INFO main jdbc.connection - 4. Connection opened  org.apache.commons.dbcp.DriverConnectionFactory.createConnection(DriverConnectionFactory.java:38)
2017-07-16 16:12:26,321 DEBUG main jdbc.connection - open connections:  2 3 4 (3)
2017-07-16 16:12:26,322  INFO main jdbc.connection - 5. Connection opened  org.apache.commons.dbcp.DriverConnectionFactory.createConnection(DriverConnectionFactory.java:38)
2017-07-16 16:12:26,322 DEBUG main jdbc.connection - open connections:  2 3 4 5 (4)
2017-07-16 16:12:26,323  INFO main jdbc.connection - 6. Connection opened  org.apache.commons.dbcp.DriverConnectionFactory.createConnection(DriverConnectionFactory.java:38)
2017-07-16 16:12:26,323 DEBUG main jdbc.connection - open connections:  2 3 4 5 6 (5)
2017-07-16 16:12:26,324  INFO main jdbc.connection - 7. Connection opened  org.apache.commons.dbcp.DriverConnectionFactory.createConnection(DriverConnectionFactory.java:38)
2017-07-16 16:12:26,324 DEBUG main jdbc.connection - open connections:  2 3 4 5 6 7 (6)
2017-07-16 16:12:26,328  INFO main jdbc.connection - 8. Connection opened  org.apache.commons.dbcp.DriverConnectionFactory.createConnection(DriverConnectionFactory.java:38)
2017-07-16 16:12:26,328 DEBUG main jdbc.connection - open connections:  2 3 4 5 6 7 8 (7)
2017-07-16 16:12:26,329  INFO main jdbc.connection - 9. Connection opened  org.apache.commons.dbcp.DriverConnectionFactory.createConnection(DriverConnectionFactory.java:38)
2017-07-16 16:12:26,329 DEBUG main jdbc.connection - open connections:  2 3 4 5 6 7 8 9 (8)
2017-07-16 16:12:26,330  INFO main jdbc.connection - 10. Connection opened  org.apache.commons.dbcp.DriverConnectionFactory.createConnection(DriverConnectionFactory.java:38)
2017-07-16 16:12:26,330 DEBUG main jdbc.connection - open connections:  2 3 4 5 6 7 8 9 10 (9)
2017-07-16 16:12:26,331  INFO main jdbc.connection - 11. Connection opened  org.apache.commons.dbcp.DriverConnectionFactory.createConnection(DriverConnectionFactory.java:38)
2017-07-16 16:12:26,331 DEBUG main jdbc.connection - open connections:  2 3 4 5 6 7 8 9 10 11 (10)
2017-07-16 16:12:26,332  INFO main jdbc.connection - 12. Connection opened  org.apache.commons.dbcp.DriverConnectionFactory.createConnection(DriverConnectionFactory.java:38)
2017-07-16 16:12:26,332 DEBUG main jdbc.connection - open connections:  2 3 4 5 6 7 8 9 10 11 12 (11)
2017-07-16 16:12:26,333  INFO main jdbc.connection - 12. Connection closed  org.apache.commons.dbcp.PoolingConnection.close(PoolingConnection.java:93)
2017-07-16 16:12:26,333 DEBUG main jdbc.connection - open connections:  2 3 4 5 6 7 8 9 10 11 (10)
2017-07-16 16:12:26,334  INFO main jdbc.connection - 13. Connection opened  org.apache.commons.dbcp.DriverConnectionFactory.createConnection(DriverConnectionFactory.java:38)
2017-07-16 16:12:26,334 DEBUG main jdbc.connection - open connections:  2 3 4 5 6 7 8 9 10 11 13 (11)
2017-07-16 16:12:26,335  INFO main jdbc.connection - 13. Connection closed  org.apache.commons.dbcp.PoolingConnection.close(PoolingConnection.java:93)
2017-07-16 16:12:26,335 DEBUG main jdbc.connection - open connections:  2 3 4 5 6 7 8 9 10 11 (10)
2017-07-16 16:12:26,335  INFO main jdbc.connection - 14. Connection opened  org.apache.commons.dbcp.DriverConnectionFactory.createConnection(DriverConnectionFactory.java:38)
2017-07-16 16:12:26,336 DEBUG main jdbc.connection - open connections:  2 3 4 5 6 7 8 9 10 11 14 (11)
2017-07-16 16:12:26,336  INFO main jdbc.connection - 14. Connection closed  org.apache.commons.dbcp.PoolingConnection.close(PoolingConnection.java:93)
2017-07-16 16:12:26,336 DEBUG main jdbc.connection - open connections:  2 3 4 5 6 7 8 9 10 11 (10)
2017-07-16 16:12:26,337  INFO main jdbc.connection - 15. Connection opened  org.apache.commons.dbcp.DriverConnectionFactory.createConnection(DriverConnectionFactory.java:38)
2017-07-16 16:12:26,337 DEBUG main jdbc.connection - open connections:  2 3 4 5 6 7 8 9 10 11 15 (11)
2017-07-16 16:12:26,338  INFO main jdbc.connection - 15. Connection closed  org.apache.commons.dbcp.PoolingConnection.close(PoolingConnection.java:93)
2017-07-16 16:12:26,338 DEBUG main jdbc.connection - open connections:  2 3 4 5 6 7 8 9 10 11 (10)
2017-07-16 16:12:26,339  INFO main jdbc.connection - 16. Connection opened  org.apache.commons.dbcp.DriverConnectionFactory.createConnection(DriverConnectionFactory.java:38)
2017-07-16 16:12:26,339 DEBUG main jdbc.connection - open connections:  2 3 4 5 6 7 8 9 10 11 16 (11)
2017-07-16 16:12:26,340  INFO main jdbc.connection - 16. Connection closed  org.apache.commons.dbcp.PoolingConnection.close(PoolingConnection.java:93)
2017-07-16 16:12:26,340 DEBUG main jdbc.connection - open connections:  2 3 4 5 6 7 8 9 10 11 (10)
2017-07-16 16:12:26,341  INFO main jdbc.connection - 17. Connection opened  org.apache.commons.dbcp.DriverConnectionFactory.createConnection(DriverConnectionFactory.java:38)
2017-07-16 16:12:26,341 DEBUG main jdbc.connection - open connections:  2 3 4 5 6 7 8 9 10 11 17 (11)
2017-07-16 16:12:26,341  INFO main jdbc.connection - 17. Connection closed  org.apache.commons.dbcp.PoolingConnection.close(PoolingConnection.java:93)
2017-07-16 16:12:26,342 DEBUG main jdbc.connection - open connections:  2 3 4 5 6 7 8 9 10 11 (10)
2017-07-16 16:12:26,342  INFO main jdbc.connection - 18. Connection opened  org.apache.commons.dbcp.DriverConnectionFactory.createConnection(DriverConnectionFactory.java:38)
2017-07-16 16:12:26,343 DEBUG main jdbc.connection - open connections:  2 3 4 5 6 7 8 9 10 11 18 (11)
2017-07-16 16:12:26,343  INFO main jdbc.connection - 18. Connection closed  org.apache.commons.dbcp.PoolingConnection.close(PoolingConnection.java:93)
2017-07-16 16:12:26,343 DEBUG main jdbc.connection - open connections:  2 3 4 5 6 7 8 9 10 11 (10)
2017-07-16 16:12:26,344  INFO main jdbc.connection - 19. Connection opened  org.apache.commons.dbcp.DriverConnectionFactory.createConnection(DriverConnectionFactory.java:38)
2017-07-16 16:12:26,344 DEBUG main jdbc.connection - open connections:  2 3 4 5 6 7 8 9 10 11 19 (11)
2017-07-16 16:12:26,345  INFO main jdbc.connection - 19. Connection closed  org.apache.commons.dbcp.PoolingConnection.close(PoolingConnection.java:93)
2017-07-16 16:12:26,345 DEBUG main jdbc.connection - open connections:  2 3 4 5 6 7 8 9 10 11 (10)
2017-07-16 16:12:26,346  INFO main jdbc.connection - 20. Connection opened  org.apache.commons.dbcp.DriverConnectionFactory.createConnection(DriverConnectionFactory.java:38)
2017-07-16 16:12:26,346 DEBUG main jdbc.connection - open connections:  2 3 4 5 6 7 8 9 10 11 20 (11)
2017-07-16 16:12:26,347  INFO main jdbc.connection - 20. Connection closed  org.apache.commons.dbcp.PoolingConnection.close(PoolingConnection.java:93)
2017-07-16 16:12:26,347 DEBUG main jdbc.connection - open connections:  2 3 4 5 6 7 8 9 10 11 (10)
2017-07-16 16:12:26,348  INFO main jdbc.connection - 21. Connection opened  org.apache.commons.dbcp.DriverConnectionFactory.createConnection(DriverConnectionFactory.java:38)
2017-07-16 16:12:26,348 DEBUG main jdbc.connection - open connections:  2 3 4 5 6 7 8 9 10 11 21 (11)
2017-07-16 16:12:26,349  INFO main jdbc.connection - 21. Connection closed  org.apache.commons.dbcp.PoolingConnection.close(PoolingConnection.java:93)
2017-07-16 16:12:26,349 DEBUG main jdbc.connection - open connections:  2 3 4 5 6 7 8 9 10 11 (10)
2017-07-16 16:14:34,862  INFO main jdbc.connection - 1. Connection opened  org.apache.commons.dbcp.DriverConnectionFactory.createConnection(DriverConnectionFactory.java:38)
2017-07-16 16:14:34,867 DEBUG main jdbc.connection - open connections:  1 (1)
2017-07-16 16:14:34,885  INFO main jdbc.connection - 1. Connection closed  org.apache.commons.dbcp.PoolingConnection.close(PoolingConnection.java:93)
2017-07-16 16:14:34,886 DEBUG main jdbc.connection - open connections:  none
2017-07-16 16:14:34,888  INFO main jdbc.connection - 2. Connection opened  org.apache.commons.dbcp.DriverConnectionFactory.createConnection(DriverConnectionFactory.java:38)
2017-07-16 16:14:34,888 DEBUG main jdbc.connection - open connections:  2 (1)
2017-07-16 16:14:34,890  INFO main jdbc.connection - 3. Connection opened  org.apache.commons.dbcp.DriverConnectionFactory.createConnection(DriverConnectionFactory.java:38)
2017-07-16 16:14:34,891 DEBUG main jdbc.connection - open connections:  2 3 (2)
2017-07-16 16:14:34,892  INFO main jdbc.connection - 4. Connection opened  org.apache.commons.dbcp.DriverConnectionFactory.createConnection(DriverConnectionFactory.java:38)
2017-07-16 16:14:34,892 DEBUG main jdbc.connection - open connections:  2 3 4 (3)
2017-07-16 16:14:34,893  INFO main jdbc.connection - 5. Connection opened  org.apache.commons.dbcp.DriverConnectionFactory.createConnection(DriverConnectionFactory.java:38)
2017-07-16 16:14:34,893 DEBUG main jdbc.connection - open connections:  2 3 4 5 (4)
2017-07-16 16:14:34,894  INFO main jdbc.connection - 6. Connection opened  org.apache.commons.dbcp.DriverConnectionFactory.createConnection(DriverConnectionFactory.java:38)
2017-07-16 16:14:34,895 DEBUG main jdbc.connection - open connections:  2 3 4 5 6 (5)
2017-07-16 16:14:34,896  INFO main jdbc.connection - 7. Connection opened  org.apache.commons.dbcp.DriverConnectionFactory.createConnection(DriverConnectionFactory.java:38)
2017-07-16 16:14:34,896 DEBUG main jdbc.connection - open connections:  2 3 4 5 6 7 (6)
2017-07-16 16:14:34,900  INFO main jdbc.connection - 8. Connection opened  org.apache.commons.dbcp.DriverConnectionFactory.createConnection(DriverConnectionFactory.java:38)
2017-07-16 16:14:34,900 DEBUG main jdbc.connection - open connections:  2 3 4 5 6 7 8 (7)
2017-07-16 16:14:34,901  INFO main jdbc.connection - 9. Connection opened  org.apache.commons.dbcp.DriverConnectionFactory.createConnection(DriverConnectionFactory.java:38)
2017-07-16 16:14:34,901 DEBUG main jdbc.connection - open connections:  2 3 4 5 6 7 8 9 (8)
2017-07-16 16:14:34,902  INFO main jdbc.connection - 10. Connection opened  org.apache.commons.dbcp.DriverConnectionFactory.createConnection(DriverConnectionFactory.java:38)
2017-07-16 16:14:34,903 DEBUG main jdbc.connection - open connections:  2 3 4 5 6 7 8 9 10 (9)
2017-07-16 16:14:34,903  INFO main jdbc.connection - 11. Connection opened  org.apache.commons.dbcp.DriverConnectionFactory.createConnection(DriverConnectionFactory.java:38)
2017-07-16 16:14:34,904 DEBUG main jdbc.connection - open connections:  2 3 4 5 6 7 8 9 10 11 (10)
2017-07-16 16:14:34,908  INFO main jdbc.connection - 12. Connection opened  org.apache.commons.dbcp.DriverConnectionFactory.createConnection(DriverConnectionFactory.java:38)
2017-07-16 16:14:34,909 DEBUG main jdbc.connection - open connections:  2 3 4 5 6 7 8 9 10 11 12 (11)
2017-07-16 16:14:34,910  INFO main jdbc.connection - 12. Connection closed  org.apache.commons.dbcp.PoolingConnection.close(PoolingConnection.java:93)
2017-07-16 16:14:34,910 DEBUG main jdbc.connection - open connections:  2 3 4 5 6 7 8 9 10 11 (10)
2017-07-16 16:14:34,911  INFO main jdbc.connection - 13. Connection opened  org.apache.commons.dbcp.DriverConnectionFactory.createConnection(DriverConnectionFactory.java:38)
2017-07-16 16:14:34,912 DEBUG main jdbc.connection - open connections:  2 3 4 5 6 7 8 9 10 11 13 (11)
2017-07-16 16:14:34,912  INFO main jdbc.connection - 13. Connection closed  org.apache.commons.dbcp.PoolingConnection.close(PoolingConnection.java:93)
2017-07-16 16:14:34,913 DEBUG main jdbc.connection - open connections:  2 3 4 5 6 7 8 9 10 11 (10)
2017-07-16 16:14:34,913  INFO main jdbc.connection - 14. Connection opened  org.apache.commons.dbcp.DriverConnectionFactory.createConnection(DriverConnectionFactory.java:38)
2017-07-16 16:14:34,914 DEBUG main jdbc.connection - open connections:  2 3 4 5 6 7 8 9 10 11 14 (11)
2017-07-16 16:14:34,914  INFO main jdbc.connection - 14. Connection closed  org.apache.commons.dbcp.PoolingConnection.close(PoolingConnection.java:93)
2017-07-16 16:14:34,914 DEBUG main jdbc.connection - open connections:  2 3 4 5 6 7 8 9 10 11 (10)
2017-07-16 16:14:34,915  INFO main jdbc.connection - 15. Connection opened  org.apache.commons.dbcp.DriverConnectionFactory.createConnection(DriverConnectionFactory.java:38)
2017-07-16 16:14:34,915 DEBUG main jdbc.connection - open connections:  2 3 4 5 6 7 8 9 10 11 15 (11)
2017-07-16 16:14:34,916  INFO main jdbc.connection - 15. Connection closed  org.apache.commons.dbcp.PoolingConnection.close(PoolingConnection.java:93)
2017-07-16 16:14:34,916 DEBUG main jdbc.connection - open connections:  2 3 4 5 6 7 8 9 10 11 (10)
2017-07-16 16:14:34,917  INFO main jdbc.connection - 16. Connection opened  org.apache.commons.dbcp.DriverConnectionFactory.createConnection(DriverConnectionFactory.java:38)
2017-07-16 16:14:34,917 DEBUG main jdbc.connection - open connections:  2 3 4 5 6 7 8 9 10 11 16 (11)
2017-07-16 16:14:34,918  INFO main jdbc.connection - 16. Connection closed  org.apache.commons.dbcp.PoolingConnection.close(PoolingConnection.java:93)
2017-07-16 16:14:34,918 DEBUG main jdbc.connection - open connections:  2 3 4 5 6 7 8 9 10 11 (10)
2017-07-16 16:14:34,919  INFO main jdbc.connection - 17. Connection opened  org.apache.commons.dbcp.DriverConnectionFactory.createConnection(DriverConnectionFactory.java:38)
2017-07-16 16:14:34,919 DEBUG main jdbc.connection - open connections:  2 3 4 5 6 7 8 9 10 11 17 (11)
2017-07-16 16:14:34,919  INFO main jdbc.connection - 17. Connection closed  org.apache.commons.dbcp.PoolingConnection.close(PoolingConnection.java:93)
2017-07-16 16:14:34,920 DEBUG main jdbc.connection - open connections:  2 3 4 5 6 7 8 9 10 11 (10)
2017-07-16 16:14:34,920  INFO main jdbc.connection - 18. Connection opened  org.apache.commons.dbcp.DriverConnectionFactory.createConnection(DriverConnectionFactory.java:38)
2017-07-16 16:14:34,921 DEBUG main jdbc.connection - open connections:  2 3 4 5 6 7 8 9 10 11 18 (11)
2017-07-16 16:14:34,921  INFO main jdbc.connection - 18. Connection closed  org.apache.commons.dbcp.PoolingConnection.close(PoolingConnection.java:93)
2017-07-16 16:14:34,921 DEBUG main jdbc.connection - open connections:  2 3 4 5 6 7 8 9 10 11 (10)
2017-07-16 16:14:34,922  INFO main jdbc.connection - 19. Connection opened  org.apache.commons.dbcp.DriverConnectionFactory.createConnection(DriverConnectionFactory.java:38)
2017-07-16 16:14:34,923 DEBUG main jdbc.connection - open connections:  2 3 4 5 6 7 8 9 10 11 19 (11)
2017-07-16 16:14:34,923  INFO main jdbc.connection - 19. Connection closed  org.apache.commons.dbcp.PoolingConnection.close(PoolingConnection.java:93)
2017-07-16 16:14:34,923 DEBUG main jdbc.connection - open connections:  2 3 4 5 6 7 8 9 10 11 (10)
2017-07-16 16:14:34,924  INFO main jdbc.connection - 20. Connection opened  org.apache.commons.dbcp.DriverConnectionFactory.createConnection(DriverConnectionFactory.java:38)
2017-07-16 16:14:34,924 DEBUG main jdbc.connection - open connections:  2 3 4 5 6 7 8 9 10 11 20 (11)
2017-07-16 16:14:34,925  INFO main jdbc.connection - 20. Connection closed  org.apache.commons.dbcp.PoolingConnection.close(PoolingConnection.java:93)
2017-07-16 16:14:34,925 DEBUG main jdbc.connection - open connections:  2 3 4 5 6 7 8 9 10 11 (10)
2017-07-16 16:14:34,929  INFO main jdbc.connection - 21. Connection opened  org.apache.commons.dbcp.DriverConnectionFactory.createConnection(DriverConnectionFactory.java:38)
2017-07-16 16:14:34,929 DEBUG main jdbc.connection - open connections:  2 3 4 5 6 7 8 9 10 11 21 (11)
2017-07-16 16:14:34,930  INFO main jdbc.connection - 21. Connection closed  org.apache.commons.dbcp.PoolingConnection.close(PoolingConnection.java:93)
2017-07-16 16:14:34,930 DEBUG main jdbc.connection - open connections:  2 3 4 5 6 7 8 9 10 11 (10)
2017-07-16 16:15:54,285  INFO main jdbc.connection - 1. Connection opened  org.apache.commons.dbcp.DriverConnectionFactory.createConnection(DriverConnectionFactory.java:38)
2017-07-16 16:15:54,289 DEBUG main jdbc.connection - open connections:  1 (1)
2017-07-16 16:15:54,304  INFO main jdbc.connection - 1. Connection closed  org.apache.commons.dbcp.PoolingConnection.close(PoolingConnection.java:93)
2017-07-16 16:15:54,304 DEBUG main jdbc.connection - open connections:  none
2017-07-16 16:15:54,306  INFO main jdbc.connection - 2. Connection opened  org.apache.commons.dbcp.DriverConnectionFactory.createConnection(DriverConnectionFactory.java:38)
2017-07-16 16:15:54,306 DEBUG main jdbc.connection - open connections:  2 (1)
2017-07-16 16:15:54,307  INFO main jdbc.connection - 3. Connection opened  org.apache.commons.dbcp.DriverConnectionFactory.createConnection(DriverConnectionFactory.java:38)
2017-07-16 16:15:54,308 DEBUG main jdbc.connection - open connections:  2 3 (2)
2017-07-16 16:15:54,309  INFO main jdbc.connection - 4. Connection opened  org.apache.commons.dbcp.DriverConnectionFactory.createConnection(DriverConnectionFactory.java:38)
2017-07-16 16:15:54,309 DEBUG main jdbc.connection - open connections:  2 3 4 (3)
2017-07-16 16:15:54,310  INFO main jdbc.connection - 5. Connection opened  org.apache.commons.dbcp.DriverConnectionFactory.createConnection(DriverConnectionFactory.java:38)
2017-07-16 16:15:54,310 DEBUG main jdbc.connection - open connections:  2 3 4 5 (4)
2017-07-16 16:15:54,311  INFO main jdbc.connection - 6. Connection opened  org.apache.commons.dbcp.DriverConnectionFactory.createConnection(DriverConnectionFactory.java:38)
2017-07-16 16:15:54,312 DEBUG main jdbc.connection - open connections:  2 3 4 5 6 (5)
2017-07-16 16:15:54,313  INFO main jdbc.connection - 7. Connection opened  org.apache.commons.dbcp.DriverConnectionFactory.createConnection(DriverConnectionFactory.java:38)
2017-07-16 16:15:54,313 DEBUG main jdbc.connection - open connections:  2 3 4 5 6 7 (6)
2017-07-16 16:15:54,317  INFO main jdbc.connection - 8. Connection opened  org.apache.commons.dbcp.DriverConnectionFactory.createConnection(DriverConnectionFactory.java:38)
2017-07-16 16:15:54,317 DEBUG main jdbc.connection - open connections:  2 3 4 5 6 7 8 (7)
2017-07-16 16:15:54,318  INFO main jdbc.connection - 9. Connection opened  org.apache.commons.dbcp.DriverConnectionFactory.createConnection(DriverConnectionFactory.java:38)
2017-07-16 16:15:54,318 DEBUG main jdbc.connection - open connections:  2 3 4 5 6 7 8 9 (8)
2017-07-16 16:15:54,319  INFO main jdbc.connection - 10. Connection opened  org.apache.commons.dbcp.DriverConnectionFactory.createConnection(DriverConnectionFactory.java:38)
2017-07-16 16:15:54,319 DEBUG main jdbc.connection - open connections:  2 3 4 5 6 7 8 9 10 (9)
2017-07-16 16:15:54,320  INFO main jdbc.connection - 11. Connection opened  org.apache.commons.dbcp.DriverConnectionFactory.createConnection(DriverConnectionFactory.java:38)
2017-07-16 16:15:54,320 DEBUG main jdbc.connection - open connections:  2 3 4 5 6 7 8 9 10 11 (10)
2017-07-16 16:15:54,321  INFO main jdbc.connection - 12. Connection opened  org.apache.commons.dbcp.DriverConnectionFactory.createConnection(DriverConnectionFactory.java:38)
2017-07-16 16:15:54,321 DEBUG main jdbc.connection - open connections:  2 3 4 5 6 7 8 9 10 11 12 (11)
2017-07-16 16:15:54,322  INFO main jdbc.connection - 12. Connection closed  org.apache.commons.dbcp.PoolingConnection.close(PoolingConnection.java:93)
2017-07-16 16:15:54,322 DEBUG main jdbc.connection - open connections:  2 3 4 5 6 7 8 9 10 11 (10)
2017-07-16 16:15:54,323  INFO main jdbc.connection - 13. Connection opened  org.apache.commons.dbcp.DriverConnectionFactory.createConnection(DriverConnectionFactory.java:38)
2017-07-16 16:15:54,323 DEBUG main jdbc.connection - open connections:  2 3 4 5 6 7 8 9 10 11 13 (11)
2017-07-16 16:15:54,324  INFO main jdbc.connection - 13. Connection closed  org.apache.commons.dbcp.PoolingConnection.close(PoolingConnection.java:93)
2017-07-16 16:15:54,324 DEBUG main jdbc.connection - open connections:  2 3 4 5 6 7 8 9 10 11 (10)
2017-07-16 16:15:54,325  INFO main jdbc.connection - 14. Connection opened  org.apache.commons.dbcp.DriverConnectionFactory.createConnection(DriverConnectionFactory.java:38)
2017-07-16 16:15:54,325 DEBUG main jdbc.connection - open connections:  2 3 4 5 6 7 8 9 10 11 14 (11)
2017-07-16 16:15:54,325  INFO main jdbc.connection - 14. Connection closed  org.apache.commons.dbcp.PoolingConnection.close(PoolingConnection.java:93)
2017-07-16 16:15:54,326 DEBUG main jdbc.connection - open connections:  2 3 4 5 6 7 8 9 10 11 (10)
2017-07-16 16:15:54,326  INFO main jdbc.connection - 15. Connection opened  org.apache.commons.dbcp.DriverConnectionFactory.createConnection(DriverConnectionFactory.java:38)
2017-07-16 16:15:54,327 DEBUG main jdbc.connection - open connections:  2 3 4 5 6 7 8 9 10 11 15 (11)
2017-07-16 16:15:54,327  INFO main jdbc.connection - 15. Connection closed  org.apache.commons.dbcp.PoolingConnection.close(PoolingConnection.java:93)
2017-07-16 16:15:54,328 DEBUG main jdbc.connection - open connections:  2 3 4 5 6 7 8 9 10 11 (10)
2017-07-16 16:15:54,328  INFO main jdbc.connection - 16. Connection opened  org.apache.commons.dbcp.DriverConnectionFactory.createConnection(DriverConnectionFactory.java:38)
2017-07-16 16:15:54,329 DEBUG main jdbc.connection - open connections:  2 3 4 5 6 7 8 9 10 11 16 (11)
2017-07-16 16:15:54,329  INFO main jdbc.connection - 16. Connection closed  org.apache.commons.dbcp.PoolingConnection.close(PoolingConnection.java:93)
2017-07-16 16:15:54,329 DEBUG main jdbc.connection - open connections:  2 3 4 5 6 7 8 9 10 11 (10)
2017-07-16 16:15:54,330  INFO main jdbc.connection - 17. Connection opened  org.apache.commons.dbcp.DriverConnectionFactory.createConnection(DriverConnectionFactory.java:38)
2017-07-16 16:15:54,330 DEBUG main jdbc.connection - open connections:  2 3 4 5 6 7 8 9 10 11 17 (11)
2017-07-16 16:15:54,331  INFO main jdbc.connection - 17. Connection closed  org.apache.commons.dbcp.PoolingConnection.close(PoolingConnection.java:93)
2017-07-16 16:15:54,331 DEBUG main jdbc.connection - open connections:  2 3 4 5 6 7 8 9 10 11 (10)
2017-07-16 16:15:54,333  INFO main jdbc.connection - 18. Connection opened  org.apache.commons.dbcp.DriverConnectionFactory.createConnection(DriverConnectionFactory.java:38)
2017-07-16 16:15:54,333 DEBUG main jdbc.connection - open connections:  2 3 4 5 6 7 8 9 10 11 18 (11)
2017-07-16 16:15:54,334  INFO main jdbc.connection - 18. Connection closed  org.apache.commons.dbcp.PoolingConnection.close(PoolingConnection.java:93)
2017-07-16 16:15:54,334 DEBUG main jdbc.connection - open connections:  2 3 4 5 6 7 8 9 10 11 (10)
2017-07-16 16:15:54,335  INFO main jdbc.connection - 19. Connection opened  org.apache.commons.dbcp.DriverConnectionFactory.createConnection(DriverConnectionFactory.java:38)
2017-07-16 16:15:54,335 DEBUG main jdbc.connection - open connections:  2 3 4 5 6 7 8 9 10 11 19 (11)
2017-07-16 16:15:54,335  INFO main jdbc.connection - 19. Connection closed  org.apache.commons.dbcp.PoolingConnection.close(PoolingConnection.java:93)
2017-07-16 16:15:54,336 DEBUG main jdbc.connection - open connections:  2 3 4 5 6 7 8 9 10 11 (10)
2017-07-16 16:15:54,337  INFO main jdbc.connection - 20. Connection opened  org.apache.commons.dbcp.DriverConnectionFactory.createConnection(DriverConnectionFactory.java:38)
2017-07-16 16:15:54,337 DEBUG main jdbc.connection - open connections:  2 3 4 5 6 7 8 9 10 11 20 (11)
2017-07-16 16:15:54,337  INFO main jdbc.connection - 20. Connection closed  org.apache.commons.dbcp.PoolingConnection.close(PoolingConnection.java:93)
2017-07-16 16:15:54,338 DEBUG main jdbc.connection - open connections:  2 3 4 5 6 7 8 9 10 11 (10)
2017-07-16 16:15:54,338  INFO main jdbc.connection - 21. Connection opened  org.apache.commons.dbcp.DriverConnectionFactory.createConnection(DriverConnectionFactory.java:38)
2017-07-16 16:15:54,339 DEBUG main jdbc.connection - open connections:  2 3 4 5 6 7 8 9 10 11 21 (11)
2017-07-16 16:15:54,339  INFO main jdbc.connection - 21. Connection closed  org.apache.commons.dbcp.PoolingConnection.close(PoolingConnection.java:93)
2017-07-16 16:15:54,340 DEBUG main jdbc.connection - open connections:  2 3 4 5 6 7 8 9 10 11 (10)
2017-07-16 16:21:34,041  INFO main jdbc.connection - 1. Connection opened  org.apache.commons.dbcp.DriverConnectionFactory.createConnection(DriverConnectionFactory.java:38)
2017-07-16 16:21:34,047 DEBUG main jdbc.connection - open connections:  1 (1)
2017-07-16 16:21:34,067  INFO main jdbc.connection - 1. Connection closed  org.apache.commons.dbcp.PoolingConnection.close(PoolingConnection.java:93)
2017-07-16 16:21:34,067 DEBUG main jdbc.connection - open connections:  none
2017-07-16 16:21:34,069  INFO main jdbc.connection - 2. Connection opened  org.apache.commons.dbcp.DriverConnectionFactory.createConnection(DriverConnectionFactory.java:38)
2017-07-16 16:21:34,069 DEBUG main jdbc.connection - open connections:  2 (1)
2017-07-16 16:21:34,071  INFO main jdbc.connection - 3. Connection opened  org.apache.commons.dbcp.DriverConnectionFactory.createConnection(DriverConnectionFactory.java:38)
2017-07-16 16:21:34,071 DEBUG main jdbc.connection - open connections:  2 3 (2)
2017-07-16 16:21:34,072  INFO main jdbc.connection - 4. Connection opened  org.apache.commons.dbcp.DriverConnectionFactory.createConnection(DriverConnectionFactory.java:38)
2017-07-16 16:21:34,072 DEBUG main jdbc.connection - open connections:  2 3 4 (3)
2017-07-16 16:21:34,073  INFO main jdbc.connection - 5. Connection opened  org.apache.commons.dbcp.DriverConnectionFactory.createConnection(DriverConnectionFactory.java:38)
2017-07-16 16:21:34,073 DEBUG main jdbc.connection - open connections:  2 3 4 5 (4)
2017-07-16 16:21:34,074  INFO main jdbc.connection - 6. Connection opened  org.apache.commons.dbcp.DriverConnectionFactory.createConnection(DriverConnectionFactory.java:38)
2017-07-16 16:21:34,075 DEBUG main jdbc.connection - open connections:  2 3 4 5 6 (5)
2017-07-16 16:21:34,075  INFO main jdbc.connection - 7. Connection opened  org.apache.commons.dbcp.DriverConnectionFactory.createConnection(DriverConnectionFactory.java:38)
2017-07-16 16:21:34,076 DEBUG main jdbc.connection - open connections:  2 3 4 5 6 7 (6)
2017-07-16 16:21:34,080  INFO main jdbc.connection - 8. Connection opened  org.apache.commons.dbcp.DriverConnectionFactory.createConnection(DriverConnectionFactory.java:38)
2017-07-16 16:21:34,080 DEBUG main jdbc.connection - open connections:  2 3 4 5 6 7 8 (7)
2017-07-16 16:21:34,081  INFO main jdbc.connection - 9. Connection opened  org.apache.commons.dbcp.DriverConnectionFactory.createConnection(DriverConnectionFactory.java:38)
2017-07-16 16:21:34,082 DEBUG main jdbc.connection - open connections:  2 3 4 5 6 7 8 9 (8)
2017-07-16 16:21:34,082  INFO main jdbc.connection - 10. Connection opened  org.apache.commons.dbcp.DriverConnectionFactory.createConnection(DriverConnectionFactory.java:38)
2017-07-16 16:21:34,083 DEBUG main jdbc.connection - open connections:  2 3 4 5 6 7 8 9 10 (9)
2017-07-16 16:21:34,084  INFO main jdbc.connection - 11. Connection opened  org.apache.commons.dbcp.DriverConnectionFactory.createConnection(DriverConnectionFactory.java:38)
2017-07-16 16:21:34,084 DEBUG main jdbc.connection - open connections:  2 3 4 5 6 7 8 9 10 11 (10)
2017-07-16 16:21:34,085  INFO main jdbc.connection - 12. Connection opened  org.apache.commons.dbcp.DriverConnectionFactory.createConnection(DriverConnectionFactory.java:38)
2017-07-16 16:21:34,086 DEBUG main jdbc.connection - open connections:  2 3 4 5 6 7 8 9 10 11 12 (11)
2017-07-16 16:21:34,086  INFO main jdbc.connection - 12. Connection closed  org.apache.commons.dbcp.PoolingConnection.close(PoolingConnection.java:93)
2017-07-16 16:21:34,086 DEBUG main jdbc.connection - open connections:  2 3 4 5 6 7 8 9 10 11 (10)
2017-07-16 16:21:34,087  INFO main jdbc.connection - 13. Connection opened  org.apache.commons.dbcp.DriverConnectionFactory.createConnection(DriverConnectionFactory.java:38)
2017-07-16 16:21:34,087 DEBUG main jdbc.connection - open connections:  2 3 4 5 6 7 8 9 10 11 13 (11)
2017-07-16 16:21:34,088  INFO main jdbc.connection - 13. Connection closed  org.apache.commons.dbcp.PoolingConnection.close(PoolingConnection.java:93)
2017-07-16 16:21:34,088 DEBUG main jdbc.connection - open connections:  2 3 4 5 6 7 8 9 10 11 (10)
2017-07-16 16:21:34,088  INFO main jdbc.connection - 14. Connection opened  org.apache.commons.dbcp.DriverConnectionFactory.createConnection(DriverConnectionFactory.java:38)
2017-07-16 16:21:34,089 DEBUG main jdbc.connection - open connections:  2 3 4 5 6 7 8 9 10 11 14 (11)
2017-07-16 16:21:34,089  INFO main jdbc.connection - 14. Connection closed  org.apache.commons.dbcp.PoolingConnection.close(PoolingConnection.java:93)
2017-07-16 16:21:34,089 DEBUG main jdbc.connection - open connections:  2 3 4 5 6 7 8 9 10 11 (10)
2017-07-16 16:21:34,090  INFO main jdbc.connection - 15. Connection opened  org.apache.commons.dbcp.DriverConnectionFactory.createConnection(DriverConnectionFactory.java:38)
2017-07-16 16:21:34,090 DEBUG main jdbc.connection - open connections:  2 3 4 5 6 7 8 9 10 11 15 (11)
2017-07-16 16:21:34,090  INFO main jdbc.connection - 15. Connection closed  org.apache.commons.dbcp.PoolingConnection.close(PoolingConnection.java:93)
2017-07-16 16:21:34,091 DEBUG main jdbc.connection - open connections:  2 3 4 5 6 7 8 9 10 11 (10)
2017-07-16 16:21:34,091  INFO main jdbc.connection - 16. Connection opened  org.apache.commons.dbcp.DriverConnectionFactory.createConnection(DriverConnectionFactory.java:38)
2017-07-16 16:21:34,091 DEBUG main jdbc.connection - open connections:  2 3 4 5 6 7 8 9 10 11 16 (11)
2017-07-16 16:21:34,092  INFO main jdbc.connection - 16. Connection closed  org.apache.commons.dbcp.PoolingConnection.close(PoolingConnection.java:93)
2017-07-16 16:21:34,092 DEBUG main jdbc.connection - open connections:  2 3 4 5 6 7 8 9 10 11 (10)
2017-07-16 16:21:34,093  INFO main jdbc.connection - 17. Connection opened  org.apache.commons.dbcp.DriverConnectionFactory.createConnection(DriverConnectionFactory.java:38)
2017-07-16 16:21:34,093 DEBUG main jdbc.connection - open connections:  2 3 4 5 6 7 8 9 10 11 17 (11)
2017-07-16 16:21:34,093  INFO main jdbc.connection - 17. Connection closed  org.apache.commons.dbcp.PoolingConnection.close(PoolingConnection.java:93)
2017-07-16 16:21:34,094 DEBUG main jdbc.connection - open connections:  2 3 4 5 6 7 8 9 10 11 (10)
2017-07-16 16:21:34,094  INFO main jdbc.connection - 18. Connection opened  org.apache.commons.dbcp.DriverConnectionFactory.createConnection(DriverConnectionFactory.java:38)
2017-07-16 16:21:34,094 DEBUG main jdbc.connection - open connections:  2 3 4 5 6 7 8 9 10 11 18 (11)
2017-07-16 16:21:34,095  INFO main jdbc.connection - 18. Connection closed  org.apache.commons.dbcp.PoolingConnection.close(PoolingConnection.java:93)
2017-07-16 16:21:34,095 DEBUG main jdbc.connection - open connections:  2 3 4 5 6 7 8 9 10 11 (10)
2017-07-16 16:21:34,095  INFO main jdbc.connection - 19. Connection opened  org.apache.commons.dbcp.DriverConnectionFactory.createConnection(DriverConnectionFactory.java:38)
2017-07-16 16:21:34,096 DEBUG main jdbc.connection - open connections:  2 3 4 5 6 7 8 9 10 11 19 (11)
2017-07-16 16:21:34,096  INFO main jdbc.connection - 19. Connection closed  org.apache.commons.dbcp.PoolingConnection.close(PoolingConnection.java:93)
2017-07-16 16:21:34,096 DEBUG main jdbc.connection - open connections:  2 3 4 5 6 7 8 9 10 11 (10)
2017-07-16 16:21:34,097  INFO main jdbc.connection - 20. Connection opened  org.apache.commons.dbcp.DriverConnectionFactory.createConnection(DriverConnectionFactory.java:38)
2017-07-16 16:21:34,097 DEBUG main jdbc.connection - open connections:  2 3 4 5 6 7 8 9 10 11 20 (11)
2017-07-16 16:21:34,097  INFO main jdbc.connection - 20. Connection closed  org.apache.commons.dbcp.PoolingConnection.close(PoolingConnection.java:93)
2017-07-16 16:21:34,098 DEBUG main jdbc.connection - open connections:  2 3 4 5 6 7 8 9 10 11 (10)
2017-07-16 16:21:34,098  INFO main jdbc.connection - 21. Connection opened  org.apache.commons.dbcp.DriverConnectionFactory.createConnection(DriverConnectionFactory.java:38)
2017-07-16 16:21:34,099 DEBUG main jdbc.connection - open connections:  2 3 4 5 6 7 8 9 10 11 21 (11)
2017-07-16 16:21:34,099  INFO main jdbc.connection - 21. Connection closed  org.apache.commons.dbcp.PoolingConnection.close(PoolingConnection.java:93)
2017-07-16 16:21:34,099 DEBUG main jdbc.connection - open connections:  2 3 4 5 6 7 8 9 10 11 (10)
